slurmstepd: info: Setting TMPDIR to /scratch/5173382. Previous errors about TMPDIR can be discarded
cesga/2020 unloaded
        Preparing the environment for use of the CESGA 2020 software stack.
        Please rebuild modules cache: module --ignore-cache avail
     
cesga/2020 loaded
The following modules were not unloaded:
  (Use "module --force purge" to unload all):

  1) cesga/2020
cesga/2020 unloaded
        Preparing the environment for use of the sistema software stack.
        Please rebuild modules cache: module --ignore-cache avail
     
cesga/system loaded
miniconda3/22.11.1-1 loaded

The following have been reloaded with a version change:
  1) cesga/2020 => cesga/system

True
Train Epoch: 1 [0/60000 (0%)]	Loss: 0.846905
Train Epoch: 1 [640/60000 (1%)]	Loss: 0.764015
Train Epoch: 1 [1280/60000 (2%)]	Loss: 0.590479
Train Epoch: 1 [1920/60000 (3%)]	Loss: 0.625816
Train Epoch: 1 [2560/60000 (4%)]	Loss: 0.651783
Train Epoch: 1 [3200/60000 (5%)]	Loss: 0.474060
Train Epoch: 1 [3840/60000 (6%)]	Loss: 0.486079
Train Epoch: 1 [4480/60000 (7%)]	Loss: 0.459729
Train Epoch: 1 [5120/60000 (9%)]	Loss: 0.424213
Train Epoch: 1 [5760/60000 (10%)]	Loss: 0.349587
Train Epoch: 1 [6400/60000 (11%)]	Loss: 0.292500
Train Epoch: 1 [7040/60000 (12%)]	Loss: 0.299810
Train Epoch: 1 [7680/60000 (13%)]	Loss: 0.283042
Train Epoch: 1 [8320/60000 (14%)]	Loss: 0.317165
Train Epoch: 1 [8960/60000 (15%)]	Loss: 0.311052
Train Epoch: 1 [9600/60000 (16%)]	Loss: 0.262435
Train Epoch: 1 [10240/60000 (17%)]	Loss: 0.359264
Train Epoch: 1 [10880/60000 (18%)]	Loss: 0.191310
Train Epoch: 1 [11520/60000 (19%)]	Loss: 0.381923
Train Epoch: 1 [12160/60000 (20%)]	Loss: 0.338560
Train Epoch: 1 [12800/60000 (21%)]	Loss: 0.225436
Train Epoch: 1 [13440/60000 (22%)]	Loss: 0.212713
Train Epoch: 1 [14080/60000 (23%)]	Loss: 0.208673
Train Epoch: 1 [14720/60000 (25%)]	Loss: 0.470148
Train Epoch: 1 [15360/60000 (26%)]	Loss: 0.089832
Train Epoch: 1 [16000/60000 (27%)]	Loss: 0.186625
Train Epoch: 1 [16640/60000 (28%)]	Loss: 0.132712
Train Epoch: 1 [17280/60000 (29%)]	Loss: 0.217326
Train Epoch: 1 [17920/60000 (30%)]	Loss: 0.167507
Train Epoch: 1 [18560/60000 (31%)]	Loss: 0.193861
Train Epoch: 1 [19200/60000 (32%)]	Loss: 0.197575
Train Epoch: 1 [19840/60000 (33%)]	Loss: 0.086256
Train Epoch: 1 [20480/60000 (34%)]	Loss: 0.187942
Train Epoch: 1 [21120/60000 (35%)]	Loss: 0.080630
Train Epoch: 1 [21760/60000 (36%)]	Loss: 0.079958
Train Epoch: 1 [22400/60000 (37%)]	Loss: 0.101441
Train Epoch: 1 [23040/60000 (38%)]	Loss: 0.131403
Train Epoch: 1 [23680/60000 (39%)]	Loss: 0.197485
Train Epoch: 1 [24320/60000 (41%)]	Loss: 0.352076
Train Epoch: 1 [24960/60000 (42%)]	Loss: 0.035009
Train Epoch: 1 [25600/60000 (43%)]	Loss: 0.146257
Train Epoch: 1 [26240/60000 (44%)]	Loss: 0.130031
Train Epoch: 1 [26880/60000 (45%)]	Loss: 0.130975
Train Epoch: 1 [27520/60000 (46%)]	Loss: 0.183641
Train Epoch: 1 [28160/60000 (47%)]	Loss: 0.045505
Train Epoch: 1 [28800/60000 (48%)]	Loss: 0.069928
Train Epoch: 1 [29440/60000 (49%)]	Loss: 0.107651
Train Epoch: 1 [30080/60000 (50%)]	Loss: 0.198684
Train Epoch: 1 [30720/60000 (51%)]	Loss: 0.087987
Train Epoch: 1 [31360/60000 (52%)]	Loss: 0.061373
Train Epoch: 1 [32000/60000 (53%)]	Loss: 0.119783
Train Epoch: 1 [32640/60000 (54%)]	Loss: 0.237973
Train Epoch: 1 [33280/60000 (55%)]	Loss: 0.122536
Train Epoch: 1 [33920/60000 (57%)]	Loss: 0.183154
Train Epoch: 1 [34560/60000 (58%)]	Loss: 0.141631
Train Epoch: 1 [35200/60000 (59%)]	Loss: 0.052891
Train Epoch: 1 [35840/60000 (60%)]	Loss: 0.225454
Train Epoch: 1 [36480/60000 (61%)]	Loss: 0.080640
Train Epoch: 1 [37120/60000 (62%)]	Loss: 0.212706
Train Epoch: 1 [37760/60000 (63%)]	Loss: 0.125485
Train Epoch: 1 [38400/60000 (64%)]	Loss: 0.098315
Train Epoch: 1 [39040/60000 (65%)]	Loss: 0.091317
Train Epoch: 1 [39680/60000 (66%)]	Loss: 0.057305
Train Epoch: 1 [40320/60000 (67%)]	Loss: 0.110958
Train Epoch: 1 [40960/60000 (68%)]	Loss: 0.200491
Train Epoch: 1 [41600/60000 (69%)]	Loss: 0.176125
Train Epoch: 1 [42240/60000 (70%)]	Loss: 0.179244
Train Epoch: 1 [42880/60000 (71%)]	Loss: 0.144425
Train Epoch: 1 [43520/60000 (72%)]	Loss: 0.087323
Train Epoch: 1 [44160/60000 (74%)]	Loss: 0.064941
Train Epoch: 1 [44800/60000 (75%)]	Loss: 0.054809
Train Epoch: 1 [45440/60000 (76%)]	Loss: 0.311066
Train Epoch: 1 [46080/60000 (77%)]	Loss: 0.124009
Train Epoch: 1 [46720/60000 (78%)]	Loss: 0.298259
Train Epoch: 1 [47360/60000 (79%)]	Loss: 0.067180
Train Epoch: 1 [48000/60000 (80%)]	Loss: 0.105657
Train Epoch: 1 [48640/60000 (81%)]	Loss: 0.062336
Train Epoch: 1 [49280/60000 (82%)]	Loss: 0.125180
Train Epoch: 1 [49920/60000 (83%)]	Loss: 0.101717
Train Epoch: 1 [50560/60000 (84%)]	Loss: 0.179834
Train Epoch: 1 [51200/60000 (85%)]	Loss: 0.059386
Train Epoch: 1 [51840/60000 (86%)]	Loss: 0.128843
Train Epoch: 1 [52480/60000 (87%)]	Loss: 0.153652
Train Epoch: 1 [53120/60000 (88%)]	Loss: 0.036171
Train Epoch: 1 [53760/60000 (90%)]	Loss: 0.158384
Train Epoch: 1 [54400/60000 (91%)]	Loss: 0.171702
Train Epoch: 1 [55040/60000 (92%)]	Loss: 0.079207
Train Epoch: 1 [55680/60000 (93%)]	Loss: 0.045558
Train Epoch: 1 [56320/60000 (94%)]	Loss: 0.200663
Train Epoch: 1 [56960/60000 (95%)]	Loss: 0.037712
Train Epoch: 1 [57600/60000 (96%)]	Loss: 0.097851
Train Epoch: 1 [58240/60000 (97%)]	Loss: 0.131253
Train Epoch: 1 [58880/60000 (98%)]	Loss: 0.072136
Train Epoch: 1 [59520/60000 (99%)]	Loss: 0.064409

Test set: Average loss: 0.0001, Accuracy: 9717/10000 (97%)

Train Epoch: 2 [0/60000 (0%)]	Loss: 0.010723
Train Epoch: 2 [640/60000 (1%)]	Loss: 0.128950
Train Epoch: 2 [1280/60000 (2%)]	Loss: 0.075946
Train Epoch: 2 [1920/60000 (3%)]	Loss: 0.072037
Train Epoch: 2 [2560/60000 (4%)]	Loss: 0.097449
Train Epoch: 2 [3200/60000 (5%)]	Loss: 0.020057
Train Epoch: 2 [3840/60000 (6%)]	Loss: 0.100940
Train Epoch: 2 [4480/60000 (7%)]	Loss: 0.092406
Train Epoch: 2 [5120/60000 (9%)]	Loss: 0.068600
Train Epoch: 2 [5760/60000 (10%)]	Loss: 0.057708
Train Epoch: 2 [6400/60000 (11%)]	Loss: 0.051361
Train Epoch: 2 [7040/60000 (12%)]	Loss: 0.101678
Train Epoch: 2 [7680/60000 (13%)]	Loss: 0.102276
Train Epoch: 2 [8320/60000 (14%)]	Loss: 0.056475
Train Epoch: 2 [8960/60000 (15%)]	Loss: 0.150041
Train Epoch: 2 [9600/60000 (16%)]	Loss: 0.087301
Train Epoch: 2 [10240/60000 (17%)]	Loss: 0.099303
Train Epoch: 2 [10880/60000 (18%)]	Loss: 0.106769
Train Epoch: 2 [11520/60000 (19%)]	Loss: 0.023187
Train Epoch: 2 [12160/60000 (20%)]	Loss: 0.135041
Train Epoch: 2 [12800/60000 (21%)]	Loss: 0.046821
Train Epoch: 2 [13440/60000 (22%)]	Loss: 0.118893
Train Epoch: 2 [14080/60000 (23%)]	Loss: 0.079062
Train Epoch: 2 [14720/60000 (25%)]	Loss: 0.106814
Train Epoch: 2 [15360/60000 (26%)]	Loss: 0.056792
Train Epoch: 2 [16000/60000 (27%)]	Loss: 0.134682
Train Epoch: 2 [16640/60000 (28%)]	Loss: 0.064896
Train Epoch: 2 [17280/60000 (29%)]	Loss: 0.063265
Train Epoch: 2 [17920/60000 (30%)]	Loss: 0.024291
Train Epoch: 2 [18560/60000 (31%)]	Loss: 0.087479
Train Epoch: 2 [19200/60000 (32%)]	Loss: 0.053114
Train Epoch: 2 [19840/60000 (33%)]	Loss: 0.233862
Train Epoch: 2 [20480/60000 (34%)]	Loss: 0.016399
Train Epoch: 2 [21120/60000 (35%)]	Loss: 0.035999
Train Epoch: 2 [21760/60000 (36%)]	Loss: 0.078919
Train Epoch: 2 [22400/60000 (37%)]	Loss: 0.030008
Train Epoch: 2 [23040/60000 (38%)]	Loss: 0.026599
Train Epoch: 2 [23680/60000 (39%)]	Loss: 0.044639
Train Epoch: 2 [24320/60000 (41%)]	Loss: 0.123318
Train Epoch: 2 [24960/60000 (42%)]	Loss: 0.021516
Train Epoch: 2 [25600/60000 (43%)]	Loss: 0.130151
Train Epoch: 2 [26240/60000 (44%)]	Loss: 0.027347
Train Epoch: 2 [26880/60000 (45%)]	Loss: 0.037949
Train Epoch: 2 [27520/60000 (46%)]	Loss: 0.128074
Train Epoch: 2 [28160/60000 (47%)]	Loss: 0.055716
Train Epoch: 2 [28800/60000 (48%)]	Loss: 0.027556
Train Epoch: 2 [29440/60000 (49%)]	Loss: 0.048014
Train Epoch: 2 [30080/60000 (50%)]	Loss: 0.091733
Train Epoch: 2 [30720/60000 (51%)]	Loss: 0.037911
Train Epoch: 2 [31360/60000 (52%)]	Loss: 0.226106
Train Epoch: 2 [32000/60000 (53%)]	Loss: 0.050988
Train Epoch: 2 [32640/60000 (54%)]	Loss: 0.005826
Train Epoch: 2 [33280/60000 (55%)]	Loss: 0.118546
Train Epoch: 2 [33920/60000 (57%)]	Loss: 0.012208
Train Epoch: 2 [34560/60000 (58%)]	Loss: 0.017266
Train Epoch: 2 [35200/60000 (59%)]	Loss: 0.040698
Train Epoch: 2 [35840/60000 (60%)]	Loss: 0.045307
Train Epoch: 2 [36480/60000 (61%)]	Loss: 0.011063
Train Epoch: 2 [37120/60000 (62%)]	Loss: 0.010950
Train Epoch: 2 [37760/60000 (63%)]	Loss: 0.009838
Train Epoch: 2 [38400/60000 (64%)]	Loss: 0.076218
Train Epoch: 2 [39040/60000 (65%)]	Loss: 0.029971
Train Epoch: 2 [39680/60000 (66%)]	Loss: 0.020250
Train Epoch: 2 [40320/60000 (67%)]	Loss: 0.075780
Train Epoch: 2 [40960/60000 (68%)]	Loss: 0.088257
Train Epoch: 2 [41600/60000 (69%)]	Loss: 0.036492
Train Epoch: 2 [42240/60000 (70%)]	Loss: 0.016666
Train Epoch: 2 [42880/60000 (71%)]	Loss: 0.139520
Train Epoch: 2 [43520/60000 (72%)]	Loss: 0.026068
Train Epoch: 2 [44160/60000 (74%)]	Loss: 0.054643
Train Epoch: 2 [44800/60000 (75%)]	Loss: 0.013363
Train Epoch: 2 [45440/60000 (76%)]	Loss: 0.121753
Train Epoch: 2 [46080/60000 (77%)]	Loss: 0.055742
Train Epoch: 2 [46720/60000 (78%)]	Loss: 0.005702
Train Epoch: 2 [47360/60000 (79%)]	Loss: 0.104651
Train Epoch: 2 [48000/60000 (80%)]	Loss: 0.015153
Train Epoch: 2 [48640/60000 (81%)]	Loss: 0.023147
Train Epoch: 2 [49280/60000 (82%)]	Loss: 0.007265
Train Epoch: 2 [49920/60000 (83%)]	Loss: 0.130937
Train Epoch: 2 [50560/60000 (84%)]	Loss: 0.141437
Train Epoch: 2 [51200/60000 (85%)]	Loss: 0.052121
Train Epoch: 2 [51840/60000 (86%)]	Loss: 0.017118
Train Epoch: 2 [52480/60000 (87%)]	Loss: 0.017897
Train Epoch: 2 [53120/60000 (88%)]	Loss: 0.026780
Train Epoch: 2 [53760/60000 (90%)]	Loss: 0.025030
Train Epoch: 2 [54400/60000 (91%)]	Loss: 0.027917
Train Epoch: 2 [55040/60000 (92%)]	Loss: 0.002654
Train Epoch: 2 [55680/60000 (93%)]	Loss: 0.008452
Train Epoch: 2 [56320/60000 (94%)]	Loss: 0.131316
Train Epoch: 2 [56960/60000 (95%)]	Loss: 0.083604
Train Epoch: 2 [57600/60000 (96%)]	Loss: 0.004376
Train Epoch: 2 [58240/60000 (97%)]	Loss: 0.002444
Train Epoch: 2 [58880/60000 (98%)]	Loss: 0.016706
Train Epoch: 2 [59520/60000 (99%)]	Loss: 0.009444

Test set: Average loss: 0.0001, Accuracy: 9838/10000 (98%)

Train Epoch: 3 [0/60000 (0%)]	Loss: 0.026829
Train Epoch: 3 [640/60000 (1%)]	Loss: 0.051397
Train Epoch: 3 [1280/60000 (2%)]	Loss: 0.050988
Train Epoch: 3 [1920/60000 (3%)]	Loss: 0.047727
Train Epoch: 3 [2560/60000 (4%)]	Loss: 0.009423
Train Epoch: 3 [3200/60000 (5%)]	Loss: 0.011091
Train Epoch: 3 [3840/60000 (6%)]	Loss: 0.038238
Train Epoch: 3 [4480/60000 (7%)]	Loss: 0.002833
Train Epoch: 3 [5120/60000 (9%)]	Loss: 0.001983
Train Epoch: 3 [5760/60000 (10%)]	Loss: 0.062720
Train Epoch: 3 [6400/60000 (11%)]	Loss: 0.013996
Train Epoch: 3 [7040/60000 (12%)]	Loss: 0.001840
Train Epoch: 3 [7680/60000 (13%)]	Loss: 0.025039
Train Epoch: 3 [8320/60000 (14%)]	Loss: 0.003743
Train Epoch: 3 [8960/60000 (15%)]	Loss: 0.001120
Train Epoch: 3 [9600/60000 (16%)]	Loss: 0.005102
Train Epoch: 3 [10240/60000 (17%)]	Loss: 0.037262
Train Epoch: 3 [10880/60000 (18%)]	Loss: 0.025147
Train Epoch: 3 [11520/60000 (19%)]	Loss: 0.001708
Train Epoch: 3 [12160/60000 (20%)]	Loss: 0.183281
Train Epoch: 3 [12800/60000 (21%)]	Loss: 0.006336
Train Epoch: 3 [13440/60000 (22%)]	Loss: 0.099846
Train Epoch: 3 [14080/60000 (23%)]	Loss: 0.015902
Train Epoch: 3 [14720/60000 (25%)]	Loss: 0.011380
Train Epoch: 3 [15360/60000 (26%)]	Loss: 0.078634
Train Epoch: 3 [16000/60000 (27%)]	Loss: 0.013943
Train Epoch: 3 [16640/60000 (28%)]	Loss: 0.050844
Train Epoch: 3 [17280/60000 (29%)]	Loss: 0.001419
Train Epoch: 3 [17920/60000 (30%)]	Loss: 0.016401
Train Epoch: 3 [18560/60000 (31%)]	Loss: 0.018243
Train Epoch: 3 [19200/60000 (32%)]	Loss: 0.053590
Train Epoch: 3 [19840/60000 (33%)]	Loss: 0.022438
Train Epoch: 3 [20480/60000 (34%)]	Loss: 0.001403
Train Epoch: 3 [21120/60000 (35%)]	Loss: 0.079918
Train Epoch: 3 [21760/60000 (36%)]	Loss: 0.013175
Train Epoch: 3 [22400/60000 (37%)]	Loss: 0.005322
Train Epoch: 3 [23040/60000 (38%)]	Loss: 0.004657
Train Epoch: 3 [23680/60000 (39%)]	Loss: 0.001579
Train Epoch: 3 [24320/60000 (41%)]	Loss: 0.011215
Train Epoch: 3 [24960/60000 (42%)]	Loss: 0.002694
Train Epoch: 3 [25600/60000 (43%)]	Loss: 0.005652
Train Epoch: 3 [26240/60000 (44%)]	Loss: 0.000867
Train Epoch: 3 [26880/60000 (45%)]	Loss: 0.079709
Train Epoch: 3 [27520/60000 (46%)]	Loss: 0.003653
Train Epoch: 3 [28160/60000 (47%)]	Loss: 0.002345
Train Epoch: 3 [28800/60000 (48%)]	Loss: 0.001177
Train Epoch: 3 [29440/60000 (49%)]	Loss: 0.123195
Train Epoch: 3 [30080/60000 (50%)]	Loss: 0.021087
Train Epoch: 3 [30720/60000 (51%)]	Loss: 0.036940
Train Epoch: 3 [31360/60000 (52%)]	Loss: 0.013771
Train Epoch: 3 [32000/60000 (53%)]	Loss: 0.003987
Train Epoch: 3 [32640/60000 (54%)]	Loss: 0.002868
Train Epoch: 3 [33280/60000 (55%)]	Loss: 0.003371
Train Epoch: 3 [33920/60000 (57%)]	Loss: 0.053300
Train Epoch: 3 [34560/60000 (58%)]	Loss: 0.061384
Train Epoch: 3 [35200/60000 (59%)]	Loss: 0.003129
Train Epoch: 3 [35840/60000 (60%)]	Loss: 0.039525
Train Epoch: 3 [36480/60000 (61%)]	Loss: 0.064455
Train Epoch: 3 [37120/60000 (62%)]	Loss: 0.010984
Train Epoch: 3 [37760/60000 (63%)]	Loss: 0.005769
Train Epoch: 3 [38400/60000 (64%)]	Loss: 0.072949
Train Epoch: 3 [39040/60000 (65%)]	Loss: 0.013083
Train Epoch: 3 [39680/60000 (66%)]	Loss: 0.001066
Train Epoch: 3 [40320/60000 (67%)]	Loss: 0.109390
Train Epoch: 3 [40960/60000 (68%)]	Loss: 0.006178
Train Epoch: 3 [41600/60000 (69%)]	Loss: 0.001766
Train Epoch: 3 [42240/60000 (70%)]	Loss: 0.001281
Train Epoch: 3 [42880/60000 (71%)]	Loss: 0.006404
Train Epoch: 3 [43520/60000 (72%)]	Loss: 0.062277
Train Epoch: 3 [44160/60000 (74%)]	Loss: 0.027295
Train Epoch: 3 [44800/60000 (75%)]	Loss: 0.000739
Train Epoch: 3 [45440/60000 (76%)]	Loss: 0.043402
Train Epoch: 3 [46080/60000 (77%)]	Loss: 0.005613
Train Epoch: 3 [46720/60000 (78%)]	Loss: 0.023162
Train Epoch: 3 [47360/60000 (79%)]	Loss: 0.174897
Train Epoch: 3 [48000/60000 (80%)]	Loss: 0.043907
Train Epoch: 3 [48640/60000 (81%)]	Loss: 0.009765
Train Epoch: 3 [49280/60000 (82%)]	Loss: 0.005158
Train Epoch: 3 [49920/60000 (83%)]	Loss: 0.176170
Train Epoch: 3 [50560/60000 (84%)]	Loss: 0.076965
Train Epoch: 3 [51200/60000 (85%)]	Loss: 0.004401
Train Epoch: 3 [51840/60000 (86%)]	Loss: 0.003613
Train Epoch: 3 [52480/60000 (87%)]	Loss: 0.011749
Train Epoch: 3 [53120/60000 (88%)]	Loss: 0.062121
Train Epoch: 3 [53760/60000 (90%)]	Loss: 0.001935
Train Epoch: 3 [54400/60000 (91%)]	Loss: 0.005670
Train Epoch: 3 [55040/60000 (92%)]	Loss: 0.002822
Train Epoch: 3 [55680/60000 (93%)]	Loss: 0.000864
Train Epoch: 3 [56320/60000 (94%)]	Loss: 0.016725
Train Epoch: 3 [56960/60000 (95%)]	Loss: 0.005882
Train Epoch: 3 [57600/60000 (96%)]	Loss: 0.032919
Train Epoch: 3 [58240/60000 (97%)]	Loss: 0.000970
Train Epoch: 3 [58880/60000 (98%)]	Loss: 0.033508
Train Epoch: 3 [59520/60000 (99%)]	Loss: 0.017333

Test set: Average loss: 0.0000, Accuracy: 9930/10000 (99%)

Train Epoch: 4 [0/60000 (0%)]	Loss: 0.017083
Train Epoch: 4 [640/60000 (1%)]	Loss: 0.026317
Train Epoch: 4 [1280/60000 (2%)]	Loss: 0.002878
Train Epoch: 4 [1920/60000 (3%)]	Loss: 0.001409
Train Epoch: 4 [2560/60000 (4%)]	Loss: 0.043759
Train Epoch: 4 [3200/60000 (5%)]	Loss: 0.001071
Train Epoch: 4 [3840/60000 (6%)]	Loss: 0.023149
Train Epoch: 4 [4480/60000 (7%)]	Loss: 0.027660
Train Epoch: 4 [5120/60000 (9%)]	Loss: 0.001170
Train Epoch: 4 [5760/60000 (10%)]	Loss: 0.012568
Train Epoch: 4 [6400/60000 (11%)]	Loss: 0.010028
Train Epoch: 4 [7040/60000 (12%)]	Loss: 0.038389
Train Epoch: 4 [7680/60000 (13%)]	Loss: 0.013364
Train Epoch: 4 [8320/60000 (14%)]	Loss: 0.007852
Train Epoch: 4 [8960/60000 (15%)]	Loss: 0.003089
Train Epoch: 4 [9600/60000 (16%)]	Loss: 0.013230
Train Epoch: 4 [10240/60000 (17%)]	Loss: 0.024279
Train Epoch: 4 [10880/60000 (18%)]	Loss: 0.041673
Train Epoch: 4 [11520/60000 (19%)]	Loss: 0.025845
Train Epoch: 4 [12160/60000 (20%)]	Loss: 0.003174
Train Epoch: 4 [12800/60000 (21%)]	Loss: 0.001265
Train Epoch: 4 [13440/60000 (22%)]	Loss: 0.007222
Train Epoch: 4 [14080/60000 (23%)]	Loss: 0.001836
Train Epoch: 4 [14720/60000 (25%)]	Loss: 0.002693
Train Epoch: 4 [15360/60000 (26%)]	Loss: 0.085335
Train Epoch: 4 [16000/60000 (27%)]	Loss: 0.010142
Train Epoch: 4 [16640/60000 (28%)]	Loss: 0.080258
Train Epoch: 4 [17280/60000 (29%)]	Loss: 0.001447
Train Epoch: 4 [17920/60000 (30%)]	Loss: 0.000686
Train Epoch: 4 [18560/60000 (31%)]	Loss: 0.001914
Train Epoch: 4 [19200/60000 (32%)]	Loss: 0.007977
Train Epoch: 4 [19840/60000 (33%)]	Loss: 0.023814
Train Epoch: 4 [20480/60000 (34%)]	Loss: 0.008861
Train Epoch: 4 [21120/60000 (35%)]	Loss: 0.000960
Train Epoch: 4 [21760/60000 (36%)]	Loss: 0.001589
Train Epoch: 4 [22400/60000 (37%)]	Loss: 0.006552
Train Epoch: 4 [23040/60000 (38%)]	Loss: 0.009106
Train Epoch: 4 [23680/60000 (39%)]	Loss: 0.002665
Train Epoch: 4 [24320/60000 (41%)]	Loss: 0.048142
Train Epoch: 4 [24960/60000 (42%)]	Loss: 0.014661
Train Epoch: 4 [25600/60000 (43%)]	Loss: 0.002408
Train Epoch: 4 [26240/60000 (44%)]	Loss: 0.000869
Train Epoch: 4 [26880/60000 (45%)]	Loss: 0.046980
Train Epoch: 4 [27520/60000 (46%)]	Loss: 0.032241
Train Epoch: 4 [28160/60000 (47%)]	Loss: 0.060062
Train Epoch: 4 [28800/60000 (48%)]	Loss: 0.000374
Train Epoch: 4 [29440/60000 (49%)]	Loss: 0.066842
Train Epoch: 4 [30080/60000 (50%)]	Loss: 0.009917
Train Epoch: 4 [30720/60000 (51%)]	Loss: 0.001179
Train Epoch: 4 [31360/60000 (52%)]	Loss: 0.010546
Train Epoch: 4 [32000/60000 (53%)]	Loss: 0.006074
Train Epoch: 4 [32640/60000 (54%)]	Loss: 0.000610
Train Epoch: 4 [33280/60000 (55%)]	Loss: 0.001370
Train Epoch: 4 [33920/60000 (57%)]	Loss: 0.003392
Train Epoch: 4 [34560/60000 (58%)]	Loss: 0.042114
Train Epoch: 4 [35200/60000 (59%)]	Loss: 0.000976
Train Epoch: 4 [35840/60000 (60%)]	Loss: 0.000338
Train Epoch: 4 [36480/60000 (61%)]	Loss: 0.000478
Train Epoch: 4 [37120/60000 (62%)]	Loss: 0.003203
Train Epoch: 4 [37760/60000 (63%)]	Loss: 0.063628
Train Epoch: 4 [38400/60000 (64%)]	Loss: 0.009503
Train Epoch: 4 [39040/60000 (65%)]	Loss: 0.005282
Train Epoch: 4 [39680/60000 (66%)]	Loss: 0.075222
Train Epoch: 4 [40320/60000 (67%)]	Loss: 0.044018
Train Epoch: 4 [40960/60000 (68%)]	Loss: 0.000562
Train Epoch: 4 [41600/60000 (69%)]	Loss: 0.004795
Train Epoch: 4 [42240/60000 (70%)]	Loss: 0.000851
Train Epoch: 4 [42880/60000 (71%)]	Loss: 0.007839
Train Epoch: 4 [43520/60000 (72%)]	Loss: 0.011647
Train Epoch: 4 [44160/60000 (74%)]	Loss: 0.032314
Train Epoch: 4 [44800/60000 (75%)]	Loss: 0.012496
Train Epoch: 4 [45440/60000 (76%)]	Loss: 0.009147
Train Epoch: 4 [46080/60000 (77%)]	Loss: 0.003935
Train Epoch: 4 [46720/60000 (78%)]	Loss: 0.016972
Train Epoch: 4 [47360/60000 (79%)]	Loss: 0.001422
Train Epoch: 4 [48000/60000 (80%)]	Loss: 0.002320
Train Epoch: 4 [48640/60000 (81%)]	Loss: 0.000868
Train Epoch: 4 [49280/60000 (82%)]	Loss: 0.001400
Train Epoch: 4 [49920/60000 (83%)]	Loss: 0.000788
Train Epoch: 4 [50560/60000 (84%)]	Loss: 0.013002
Train Epoch: 4 [51200/60000 (85%)]	Loss: 0.016425
Train Epoch: 4 [51840/60000 (86%)]	Loss: 0.007285
Train Epoch: 4 [52480/60000 (87%)]	Loss: 0.030878
Train Epoch: 4 [53120/60000 (88%)]	Loss: 0.018779
Train Epoch: 4 [53760/60000 (90%)]	Loss: 0.000705
Train Epoch: 4 [54400/60000 (91%)]	Loss: 0.000679
Train Epoch: 4 [55040/60000 (92%)]	Loss: 0.004491
Train Epoch: 4 [55680/60000 (93%)]	Loss: 0.000511
Train Epoch: 4 [56320/60000 (94%)]	Loss: 0.000884
Train Epoch: 4 [56960/60000 (95%)]	Loss: 0.000401
Train Epoch: 4 [57600/60000 (96%)]	Loss: 0.000611
Train Epoch: 4 [58240/60000 (97%)]	Loss: 0.005501
Train Epoch: 4 [58880/60000 (98%)]	Loss: 0.002299
Train Epoch: 4 [59520/60000 (99%)]	Loss: 0.000951

Test set: Average loss: 0.0000, Accuracy: 9945/10000 (99%)

Train Epoch: 5 [0/60000 (0%)]	Loss: 0.001669
Train Epoch: 5 [640/60000 (1%)]	Loss: 0.003239
Train Epoch: 5 [1280/60000 (2%)]	Loss: 0.043149
Train Epoch: 5 [1920/60000 (3%)]	Loss: 0.004122
Train Epoch: 5 [2560/60000 (4%)]	Loss: 0.028709
Train Epoch: 5 [3200/60000 (5%)]	Loss: 0.001124
Train Epoch: 5 [3840/60000 (6%)]	Loss: 0.000356
Train Epoch: 5 [4480/60000 (7%)]	Loss: 0.000598
Train Epoch: 5 [5120/60000 (9%)]	Loss: 0.035428
Train Epoch: 5 [5760/60000 (10%)]	Loss: 0.000947
Train Epoch: 5 [6400/60000 (11%)]	Loss: 0.001125
Train Epoch: 5 [7040/60000 (12%)]	Loss: 0.134949
Train Epoch: 5 [7680/60000 (13%)]	Loss: 0.020659
Train Epoch: 5 [8320/60000 (14%)]	Loss: 0.001105
Train Epoch: 5 [8960/60000 (15%)]	Loss: 0.007326
Train Epoch: 5 [9600/60000 (16%)]	Loss: 0.000800
Train Epoch: 5 [10240/60000 (17%)]	Loss: 0.051686
Train Epoch: 5 [10880/60000 (18%)]	Loss: 0.002118
Train Epoch: 5 [11520/60000 (19%)]	Loss: 0.004759
Train Epoch: 5 [12160/60000 (20%)]	Loss: 0.079052
Train Epoch: 5 [12800/60000 (21%)]	Loss: 0.004689
Train Epoch: 5 [13440/60000 (22%)]	Loss: 0.000227
Train Epoch: 5 [14080/60000 (23%)]	Loss: 0.008253
Train Epoch: 5 [14720/60000 (25%)]	Loss: 0.004733
Train Epoch: 5 [15360/60000 (26%)]	Loss: 0.000731
Train Epoch: 5 [16000/60000 (27%)]	Loss: 0.004652
Train Epoch: 5 [16640/60000 (28%)]	Loss: 0.005184
Train Epoch: 5 [17280/60000 (29%)]	Loss: 0.001376
Train Epoch: 5 [17920/60000 (30%)]	Loss: 0.011077
Train Epoch: 5 [18560/60000 (31%)]	Loss: 0.000665
Train Epoch: 5 [19200/60000 (32%)]	Loss: 0.000721
Train Epoch: 5 [19840/60000 (33%)]	Loss: 0.000573
Train Epoch: 5 [20480/60000 (34%)]	Loss: 0.002020
Train Epoch: 5 [21120/60000 (35%)]	Loss: 0.000796
Train Epoch: 5 [21760/60000 (36%)]	Loss: 0.001579
Train Epoch: 5 [22400/60000 (37%)]	Loss: 0.000103
Train Epoch: 5 [23040/60000 (38%)]	Loss: 0.027643
Train Epoch: 5 [23680/60000 (39%)]	Loss: 0.000356
Train Epoch: 5 [24320/60000 (41%)]	Loss: 0.002518
Train Epoch: 5 [24960/60000 (42%)]	Loss: 0.001122
Train Epoch: 5 [25600/60000 (43%)]	Loss: 0.040376
Train Epoch: 5 [26240/60000 (44%)]	Loss: 0.005117
Train Epoch: 5 [26880/60000 (45%)]	Loss: 0.008729
Train Epoch: 5 [27520/60000 (46%)]	Loss: 0.002606
Train Epoch: 5 [28160/60000 (47%)]	Loss: 0.000256
Train Epoch: 5 [28800/60000 (48%)]	Loss: 0.014000
Train Epoch: 5 [29440/60000 (49%)]	Loss: 0.000563
Train Epoch: 5 [30080/60000 (50%)]	Loss: 0.000358
Train Epoch: 5 [30720/60000 (51%)]	Loss: 0.015241
Train Epoch: 5 [31360/60000 (52%)]	Loss: 0.001195
Train Epoch: 5 [32000/60000 (53%)]	Loss: 0.001078
Train Epoch: 5 [32640/60000 (54%)]	Loss: 0.000827
Train Epoch: 5 [33280/60000 (55%)]	Loss: 0.000377
Train Epoch: 5 [33920/60000 (57%)]	Loss: 0.012152
Train Epoch: 5 [34560/60000 (58%)]	Loss: 0.007526
Train Epoch: 5 [35200/60000 (59%)]	Loss: 0.012286
Train Epoch: 5 [35840/60000 (60%)]	Loss: 0.001122
Train Epoch: 5 [36480/60000 (61%)]	Loss: 0.013244
Train Epoch: 5 [37120/60000 (62%)]	Loss: 0.011796
Train Epoch: 5 [37760/60000 (63%)]	Loss: 0.002471
Train Epoch: 5 [38400/60000 (64%)]	Loss: 0.000975
Train Epoch: 5 [39040/60000 (65%)]	Loss: 0.002217
Train Epoch: 5 [39680/60000 (66%)]	Loss: 0.109605
Train Epoch: 5 [40320/60000 (67%)]	Loss: 0.001641
Train Epoch: 5 [40960/60000 (68%)]	Loss: 0.018847
Train Epoch: 5 [41600/60000 (69%)]	Loss: 0.002247
Train Epoch: 5 [42240/60000 (70%)]	Loss: 0.002059
Train Epoch: 5 [42880/60000 (71%)]	Loss: 0.004475
Train Epoch: 5 [43520/60000 (72%)]	Loss: 0.024948
Train Epoch: 5 [44160/60000 (74%)]	Loss: 0.001032
Train Epoch: 5 [44800/60000 (75%)]	Loss: 0.001218
Train Epoch: 5 [45440/60000 (76%)]	Loss: 0.000558
Train Epoch: 5 [46080/60000 (77%)]	Loss: 0.000447
Train Epoch: 5 [46720/60000 (78%)]	Loss: 0.000922
Train Epoch: 5 [47360/60000 (79%)]	Loss: 0.001262
Train Epoch: 5 [48000/60000 (80%)]	Loss: 0.000251
Train Epoch: 5 [48640/60000 (81%)]	Loss: 0.000909
Train Epoch: 5 [49280/60000 (82%)]	Loss: 0.009448
Train Epoch: 5 [49920/60000 (83%)]	Loss: 0.000304
Train Epoch: 5 [50560/60000 (84%)]	Loss: 0.001206
Train Epoch: 5 [51200/60000 (85%)]	Loss: 0.001650
Train Epoch: 5 [51840/60000 (86%)]	Loss: 0.011979
Train Epoch: 5 [52480/60000 (87%)]	Loss: 0.000505
Train Epoch: 5 [53120/60000 (88%)]	Loss: 0.000645
Train Epoch: 5 [53760/60000 (90%)]	Loss: 0.000269
Train Epoch: 5 [54400/60000 (91%)]	Loss: 0.000861
Train Epoch: 5 [55040/60000 (92%)]	Loss: 0.001403
Train Epoch: 5 [55680/60000 (93%)]	Loss: 0.004851
Train Epoch: 5 [56320/60000 (94%)]	Loss: 0.000424
Train Epoch: 5 [56960/60000 (95%)]	Loss: 0.006823
Train Epoch: 5 [57600/60000 (96%)]	Loss: 0.001730
Train Epoch: 5 [58240/60000 (97%)]	Loss: 0.001071
Train Epoch: 5 [58880/60000 (98%)]	Loss: 0.015372
Train Epoch: 5 [59520/60000 (99%)]	Loss: 0.000395

Test set: Average loss: 0.0000, Accuracy: 9966/10000 (100%)

Train Epoch: 6 [0/60000 (0%)]	Loss: 0.001335
Train Epoch: 6 [640/60000 (1%)]	Loss: 0.000245
Train Epoch: 6 [1280/60000 (2%)]	Loss: 0.002253
Train Epoch: 6 [1920/60000 (3%)]	Loss: 0.000135
Train Epoch: 6 [2560/60000 (4%)]	Loss: 0.008776
Train Epoch: 6 [3200/60000 (5%)]	Loss: 0.000158
Train Epoch: 6 [3840/60000 (6%)]	Loss: 0.000353
Train Epoch: 6 [4480/60000 (7%)]	Loss: 0.004142
Train Epoch: 6 [5120/60000 (9%)]	Loss: 0.000940
Train Epoch: 6 [5760/60000 (10%)]	Loss: 0.004248
Train Epoch: 6 [6400/60000 (11%)]	Loss: 0.000365
Train Epoch: 6 [7040/60000 (12%)]	Loss: 0.002036
Train Epoch: 6 [7680/60000 (13%)]	Loss: 0.000368
Train Epoch: 6 [8320/60000 (14%)]	Loss: 0.000478
Train Epoch: 6 [8960/60000 (15%)]	Loss: 0.000145
Train Epoch: 6 [9600/60000 (16%)]	Loss: 0.002359
Train Epoch: 6 [10240/60000 (17%)]	Loss: 0.042262
Train Epoch: 6 [10880/60000 (18%)]	Loss: 0.024519
Train Epoch: 6 [11520/60000 (19%)]	Loss: 0.001233
Train Epoch: 6 [12160/60000 (20%)]	Loss: 0.000609
Train Epoch: 6 [12800/60000 (21%)]	Loss: 0.000402
Train Epoch: 6 [13440/60000 (22%)]	Loss: 0.002345
Train Epoch: 6 [14080/60000 (23%)]	Loss: 0.001693
Train Epoch: 6 [14720/60000 (25%)]	Loss: 0.000156
Train Epoch: 6 [15360/60000 (26%)]	Loss: 0.000136
Train Epoch: 6 [16000/60000 (27%)]	Loss: 0.000161
Train Epoch: 6 [16640/60000 (28%)]	Loss: 0.000754
Train Epoch: 6 [17280/60000 (29%)]	Loss: 0.019662
Train Epoch: 6 [17920/60000 (30%)]	Loss: 0.000090
Train Epoch: 6 [18560/60000 (31%)]	Loss: 0.001861
Train Epoch: 6 [19200/60000 (32%)]	Loss: 0.002636
Train Epoch: 6 [19840/60000 (33%)]	Loss: 0.005787
Train Epoch: 6 [20480/60000 (34%)]	Loss: 0.015864
Train Epoch: 6 [21120/60000 (35%)]	Loss: 0.001380
Train Epoch: 6 [21760/60000 (36%)]	Loss: 0.000550
Train Epoch: 6 [22400/60000 (37%)]	Loss: 0.000334
Train Epoch: 6 [23040/60000 (38%)]	Loss: 0.001634
Train Epoch: 6 [23680/60000 (39%)]	Loss: 0.014062
Train Epoch: 6 [24320/60000 (41%)]	Loss: 0.015380
Train Epoch: 6 [24960/60000 (42%)]	Loss: 0.000204
Train Epoch: 6 [25600/60000 (43%)]	Loss: 0.004899
Train Epoch: 6 [26240/60000 (44%)]	Loss: 0.000095
Train Epoch: 6 [26880/60000 (45%)]	Loss: 0.003470
Train Epoch: 6 [27520/60000 (46%)]	Loss: 0.000469
Train Epoch: 6 [28160/60000 (47%)]	Loss: 0.008279
Train Epoch: 6 [28800/60000 (48%)]	Loss: 0.057735
Train Epoch: 6 [29440/60000 (49%)]	Loss: 0.000295
Train Epoch: 6 [30080/60000 (50%)]	Loss: 0.000478
Train Epoch: 6 [30720/60000 (51%)]	Loss: 0.000198
Train Epoch: 6 [31360/60000 (52%)]	Loss: 0.000089
Train Epoch: 6 [32000/60000 (53%)]	Loss: 0.009737
Train Epoch: 6 [32640/60000 (54%)]	Loss: 0.000805
Train Epoch: 6 [33280/60000 (55%)]	Loss: 0.000235
Train Epoch: 6 [33920/60000 (57%)]	Loss: 0.000144
Train Epoch: 6 [34560/60000 (58%)]	Loss: 0.074470
Train Epoch: 6 [35200/60000 (59%)]	Loss: 0.000746
Train Epoch: 6 [35840/60000 (60%)]	Loss: 0.000105
Train Epoch: 6 [36480/60000 (61%)]	Loss: 0.005054
Train Epoch: 6 [37120/60000 (62%)]	Loss: 0.000222
Train Epoch: 6 [37760/60000 (63%)]	Loss: 0.000670
Train Epoch: 6 [38400/60000 (64%)]	Loss: 0.000690
Train Epoch: 6 [39040/60000 (65%)]	Loss: 0.000082
Train Epoch: 6 [39680/60000 (66%)]	Loss: 0.000233
Train Epoch: 6 [40320/60000 (67%)]	Loss: 0.001655
Train Epoch: 6 [40960/60000 (68%)]	Loss: 0.010432
Train Epoch: 6 [41600/60000 (69%)]	Loss: 0.006052
Train Epoch: 6 [42240/60000 (70%)]	Loss: 0.001622
Train Epoch: 6 [42880/60000 (71%)]	Loss: 0.000622
Train Epoch: 6 [43520/60000 (72%)]	Loss: 0.000387
Train Epoch: 6 [44160/60000 (74%)]	Loss: 0.002844
Train Epoch: 6 [44800/60000 (75%)]	Loss: 0.000100
Train Epoch: 6 [45440/60000 (76%)]	Loss: 0.030032
Train Epoch: 6 [46080/60000 (77%)]	Loss: 0.000160
Train Epoch: 6 [46720/60000 (78%)]	Loss: 0.000355
Train Epoch: 6 [47360/60000 (79%)]	Loss: 0.000180
Train Epoch: 6 [48000/60000 (80%)]	Loss: 0.000113
Train Epoch: 6 [48640/60000 (81%)]	Loss: 0.001724
Train Epoch: 6 [49280/60000 (82%)]	Loss: 0.001265
Train Epoch: 6 [49920/60000 (83%)]	Loss: 0.000956
Train Epoch: 6 [50560/60000 (84%)]	Loss: 0.000189
Train Epoch: 6 [51200/60000 (85%)]	Loss: 0.000195
Train Epoch: 6 [51840/60000 (86%)]	Loss: 0.000410
Train Epoch: 6 [52480/60000 (87%)]	Loss: 0.004558
Train Epoch: 6 [53120/60000 (88%)]	Loss: 0.000730
Train Epoch: 6 [53760/60000 (90%)]	Loss: 0.000551
Train Epoch: 6 [54400/60000 (91%)]	Loss: 0.008882
Train Epoch: 6 [55040/60000 (92%)]	Loss: 0.001662
Train Epoch: 6 [55680/60000 (93%)]	Loss: 0.000747
Train Epoch: 6 [56320/60000 (94%)]	Loss: 0.000218
Train Epoch: 6 [56960/60000 (95%)]	Loss: 0.001769
Train Epoch: 6 [57600/60000 (96%)]	Loss: 0.000537
Train Epoch: 6 [58240/60000 (97%)]	Loss: 0.007319
Train Epoch: 6 [58880/60000 (98%)]	Loss: 0.063242
Train Epoch: 6 [59520/60000 (99%)]	Loss: 0.010866

Test set: Average loss: 0.0000, Accuracy: 9949/10000 (99%)

Train Epoch: 7 [0/60000 (0%)]	Loss: 0.001095
Train Epoch: 7 [640/60000 (1%)]	Loss: 0.009444
Train Epoch: 7 [1280/60000 (2%)]	Loss: 0.000568
Train Epoch: 7 [1920/60000 (3%)]	Loss: 0.000476
Train Epoch: 7 [2560/60000 (4%)]	Loss: 0.003814
Train Epoch: 7 [3200/60000 (5%)]	Loss: 0.000885
Train Epoch: 7 [3840/60000 (6%)]	Loss: 0.000320
Train Epoch: 7 [4480/60000 (7%)]	Loss: 0.012353
Train Epoch: 7 [5120/60000 (9%)]	Loss: 0.005516
Train Epoch: 7 [5760/60000 (10%)]	Loss: 0.001180
Train Epoch: 7 [6400/60000 (11%)]	Loss: 0.000128
Train Epoch: 7 [7040/60000 (12%)]	Loss: 0.003997
Train Epoch: 7 [7680/60000 (13%)]	Loss: 0.014916
Train Epoch: 7 [8320/60000 (14%)]	Loss: 0.004659
Train Epoch: 7 [8960/60000 (15%)]	Loss: 0.000329
Train Epoch: 7 [9600/60000 (16%)]	Loss: 0.016832
Train Epoch: 7 [10240/60000 (17%)]	Loss: 0.000324
Train Epoch: 7 [10880/60000 (18%)]	Loss: 0.000210
Train Epoch: 7 [11520/60000 (19%)]	Loss: 0.000606
Train Epoch: 7 [12160/60000 (20%)]	Loss: 0.000129
Train Epoch: 7 [12800/60000 (21%)]	Loss: 0.004646
Train Epoch: 7 [13440/60000 (22%)]	Loss: 0.000163
Train Epoch: 7 [14080/60000 (23%)]	Loss: 0.001341
Train Epoch: 7 [14720/60000 (25%)]	Loss: 0.000288
Train Epoch: 7 [15360/60000 (26%)]	Loss: 0.006137
Train Epoch: 7 [16000/60000 (27%)]	Loss: 0.005410
Train Epoch: 7 [16640/60000 (28%)]	Loss: 0.000990
Train Epoch: 7 [17280/60000 (29%)]	Loss: 0.000275
Train Epoch: 7 [17920/60000 (30%)]	Loss: 0.045196
Train Epoch: 7 [18560/60000 (31%)]	Loss: 0.029953
Train Epoch: 7 [19200/60000 (32%)]	Loss: 0.000590
Train Epoch: 7 [19840/60000 (33%)]	Loss: 0.002143
Train Epoch: 7 [20480/60000 (34%)]	Loss: 0.028126
Train Epoch: 7 [21120/60000 (35%)]	Loss: 0.000701
Train Epoch: 7 [21760/60000 (36%)]	Loss: 0.009520
Train Epoch: 7 [22400/60000 (37%)]	Loss: 0.000101
Train Epoch: 7 [23040/60000 (38%)]	Loss: 0.000046
Train Epoch: 7 [23680/60000 (39%)]	Loss: 0.000705
Train Epoch: 7 [24320/60000 (41%)]	Loss: 0.001396
Train Epoch: 7 [24960/60000 (42%)]	Loss: 0.002029
Train Epoch: 7 [25600/60000 (43%)]	Loss: 0.000954
Train Epoch: 7 [26240/60000 (44%)]	Loss: 0.006800
Train Epoch: 7 [26880/60000 (45%)]	Loss: 0.000486
Train Epoch: 7 [27520/60000 (46%)]	Loss: 0.025771
Train Epoch: 7 [28160/60000 (47%)]	Loss: 0.000592
Train Epoch: 7 [28800/60000 (48%)]	Loss: 0.000565
Train Epoch: 7 [29440/60000 (49%)]	Loss: 0.000381
Train Epoch: 7 [30080/60000 (50%)]	Loss: 0.000146
Train Epoch: 7 [30720/60000 (51%)]	Loss: 0.053422
Train Epoch: 7 [31360/60000 (52%)]	Loss: 0.126334
Train Epoch: 7 [32000/60000 (53%)]	Loss: 0.001934
Train Epoch: 7 [32640/60000 (54%)]	Loss: 0.005047
Train Epoch: 7 [33280/60000 (55%)]	Loss: 0.000114
Train Epoch: 7 [33920/60000 (57%)]	Loss: 0.000882
Train Epoch: 7 [34560/60000 (58%)]	Loss: 0.000200
Train Epoch: 7 [35200/60000 (59%)]	Loss: 0.006191
Train Epoch: 7 [35840/60000 (60%)]	Loss: 0.000254
Train Epoch: 7 [36480/60000 (61%)]	Loss: 0.000115
Train Epoch: 7 [37120/60000 (62%)]	Loss: 0.004443
Train Epoch: 7 [37760/60000 (63%)]	Loss: 0.000411
Train Epoch: 7 [38400/60000 (64%)]	Loss: 0.010046
Train Epoch: 7 [39040/60000 (65%)]	Loss: 0.000229
Train Epoch: 7 [39680/60000 (66%)]	Loss: 0.000161
Train Epoch: 7 [40320/60000 (67%)]	Loss: 0.001222
Train Epoch: 7 [40960/60000 (68%)]	Loss: 0.000650
Train Epoch: 7 [41600/60000 (69%)]	Loss: 0.000219
Train Epoch: 7 [42240/60000 (70%)]	Loss: 0.001212
Train Epoch: 7 [42880/60000 (71%)]	Loss: 0.015350
Train Epoch: 7 [43520/60000 (72%)]	Loss: 0.000895
Train Epoch: 7 [44160/60000 (74%)]	Loss: 0.000117
Train Epoch: 7 [44800/60000 (75%)]	Loss: 0.000134
Train Epoch: 7 [45440/60000 (76%)]	Loss: 0.001366
Train Epoch: 7 [46080/60000 (77%)]	Loss: 0.006872
Train Epoch: 7 [46720/60000 (78%)]	Loss: 0.002640
Train Epoch: 7 [47360/60000 (79%)]	Loss: 0.003612
Train Epoch: 7 [48000/60000 (80%)]	Loss: 0.000276
Train Epoch: 7 [48640/60000 (81%)]	Loss: 0.000196
Train Epoch: 7 [49280/60000 (82%)]	Loss: 0.000415
Train Epoch: 7 [49920/60000 (83%)]	Loss: 0.000794
Train Epoch: 7 [50560/60000 (84%)]	Loss: 0.001224
Train Epoch: 7 [51200/60000 (85%)]	Loss: 0.002932
Train Epoch: 7 [51840/60000 (86%)]	Loss: 0.000308
Train Epoch: 7 [52480/60000 (87%)]	Loss: 0.000250
Train Epoch: 7 [53120/60000 (88%)]	Loss: 0.000138
Train Epoch: 7 [53760/60000 (90%)]	Loss: 0.000420
Train Epoch: 7 [54400/60000 (91%)]	Loss: 0.001453
Train Epoch: 7 [55040/60000 (92%)]	Loss: 0.001816
Train Epoch: 7 [55680/60000 (93%)]	Loss: 0.010978
Train Epoch: 7 [56320/60000 (94%)]	Loss: 0.004318
Train Epoch: 7 [56960/60000 (95%)]	Loss: 0.020485
Train Epoch: 7 [57600/60000 (96%)]	Loss: 0.000346
Train Epoch: 7 [58240/60000 (97%)]	Loss: 0.000129
Train Epoch: 7 [58880/60000 (98%)]	Loss: 0.000308
Train Epoch: 7 [59520/60000 (99%)]	Loss: 0.005908

Test set: Average loss: 0.0000, Accuracy: 9958/10000 (100%)

Train Epoch: 8 [0/60000 (0%)]	Loss: 0.005392
Train Epoch: 8 [640/60000 (1%)]	Loss: 0.000065
Train Epoch: 8 [1280/60000 (2%)]	Loss: 0.000138
Train Epoch: 8 [1920/60000 (3%)]	Loss: 0.016934
Train Epoch: 8 [2560/60000 (4%)]	Loss: 0.000160
Train Epoch: 8 [3200/60000 (5%)]	Loss: 0.000201
Train Epoch: 8 [3840/60000 (6%)]	Loss: 0.000201
Train Epoch: 8 [4480/60000 (7%)]	Loss: 0.032050
Train Epoch: 8 [5120/60000 (9%)]	Loss: 0.000754
Train Epoch: 8 [5760/60000 (10%)]	Loss: 0.000201
Train Epoch: 8 [6400/60000 (11%)]	Loss: 0.000257
Train Epoch: 8 [7040/60000 (12%)]	Loss: 0.003644
Train Epoch: 8 [7680/60000 (13%)]	Loss: 0.002249
Train Epoch: 8 [8320/60000 (14%)]	Loss: 0.080182
Train Epoch: 8 [8960/60000 (15%)]	Loss: 0.001361
Train Epoch: 8 [9600/60000 (16%)]	Loss: 0.004799
Train Epoch: 8 [10240/60000 (17%)]	Loss: 0.000220
Train Epoch: 8 [10880/60000 (18%)]	Loss: 0.000354
Train Epoch: 8 [11520/60000 (19%)]	Loss: 0.000846
Train Epoch: 8 [12160/60000 (20%)]	Loss: 0.000196
Train Epoch: 8 [12800/60000 (21%)]	Loss: 0.002975
Train Epoch: 8 [13440/60000 (22%)]	Loss: 0.000224
Train Epoch: 8 [14080/60000 (23%)]	Loss: 0.000402
Train Epoch: 8 [14720/60000 (25%)]	Loss: 0.000129
Train Epoch: 8 [15360/60000 (26%)]	Loss: 0.000099
Train Epoch: 8 [16000/60000 (27%)]	Loss: 0.000281
Train Epoch: 8 [16640/60000 (28%)]	Loss: 0.000272
Train Epoch: 8 [17280/60000 (29%)]	Loss: 0.001963
Train Epoch: 8 [17920/60000 (30%)]	Loss: 0.000540
Train Epoch: 8 [18560/60000 (31%)]	Loss: 0.000157
Train Epoch: 8 [19200/60000 (32%)]	Loss: 0.000187
Train Epoch: 8 [19840/60000 (33%)]	Loss: 0.000705
Train Epoch: 8 [20480/60000 (34%)]	Loss: 0.000066
Train Epoch: 8 [21120/60000 (35%)]	Loss: 0.001252
Train Epoch: 8 [21760/60000 (36%)]	Loss: 0.019212
Train Epoch: 8 [22400/60000 (37%)]	Loss: 0.016643
Train Epoch: 8 [23040/60000 (38%)]	Loss: 0.000615
Train Epoch: 8 [23680/60000 (39%)]	Loss: 0.000375
Train Epoch: 8 [24320/60000 (41%)]	Loss: 0.018015
Train Epoch: 8 [24960/60000 (42%)]	Loss: 0.004254
Train Epoch: 8 [25600/60000 (43%)]	Loss: 0.000964
Train Epoch: 8 [26240/60000 (44%)]	Loss: 0.000058
Train Epoch: 8 [26880/60000 (45%)]	Loss: 0.010519
Train Epoch: 8 [27520/60000 (46%)]	Loss: 0.000099
Train Epoch: 8 [28160/60000 (47%)]	Loss: 0.022451
Train Epoch: 8 [28800/60000 (48%)]	Loss: 0.059014
Train Epoch: 8 [29440/60000 (49%)]	Loss: 0.000226
Train Epoch: 8 [30080/60000 (50%)]	Loss: 0.001307
Train Epoch: 8 [30720/60000 (51%)]	Loss: 0.088589
Train Epoch: 8 [31360/60000 (52%)]	Loss: 0.000397
Train Epoch: 8 [32000/60000 (53%)]	Loss: 0.000280
Train Epoch: 8 [32640/60000 (54%)]	Loss: 0.000327
Train Epoch: 8 [33280/60000 (55%)]	Loss: 0.000382
Train Epoch: 8 [33920/60000 (57%)]	Loss: 0.000489
Train Epoch: 8 [34560/60000 (58%)]	Loss: 0.048929
Train Epoch: 8 [35200/60000 (59%)]	Loss: 0.036351
Train Epoch: 8 [35840/60000 (60%)]	Loss: 0.000123
Train Epoch: 8 [36480/60000 (61%)]	Loss: 0.013395
Train Epoch: 8 [37120/60000 (62%)]	Loss: 0.000757
Train Epoch: 8 [37760/60000 (63%)]	Loss: 0.001987
Train Epoch: 8 [38400/60000 (64%)]	Loss: 0.000135
Train Epoch: 8 [39040/60000 (65%)]	Loss: 0.000154
Train Epoch: 8 [39680/60000 (66%)]	Loss: 0.000414
Train Epoch: 8 [40320/60000 (67%)]	Loss: 0.000133
Train Epoch: 8 [40960/60000 (68%)]	Loss: 0.007426
Train Epoch: 8 [41600/60000 (69%)]	Loss: 0.000105
Train Epoch: 8 [42240/60000 (70%)]	Loss: 0.000262
Train Epoch: 8 [42880/60000 (71%)]	Loss: 0.026891
Train Epoch: 8 [43520/60000 (72%)]	Loss: 0.001115
Train Epoch: 8 [44160/60000 (74%)]	Loss: 0.000215
Train Epoch: 8 [44800/60000 (75%)]	Loss: 0.000161
Train Epoch: 8 [45440/60000 (76%)]	Loss: 0.000074
Train Epoch: 8 [46080/60000 (77%)]	Loss: 0.000164
Train Epoch: 8 [46720/60000 (78%)]	Loss: 0.000588
Train Epoch: 8 [47360/60000 (79%)]	Loss: 0.007975
Train Epoch: 8 [48000/60000 (80%)]	Loss: 0.000172
Train Epoch: 8 [48640/60000 (81%)]	Loss: 0.000343
Train Epoch: 8 [49280/60000 (82%)]	Loss: 0.002166
Train Epoch: 8 [49920/60000 (83%)]	Loss: 0.000233
Train Epoch: 8 [50560/60000 (84%)]	Loss: 0.000082
Train Epoch: 8 [51200/60000 (85%)]	Loss: 0.003232
Train Epoch: 8 [51840/60000 (86%)]	Loss: 0.000366
Train Epoch: 8 [52480/60000 (87%)]	Loss: 0.001566
Train Epoch: 8 [53120/60000 (88%)]	Loss: 0.001764
Train Epoch: 8 [53760/60000 (90%)]	Loss: 0.000736
Train Epoch: 8 [54400/60000 (91%)]	Loss: 0.000190
Train Epoch: 8 [55040/60000 (92%)]	Loss: 0.001365
Train Epoch: 8 [55680/60000 (93%)]	Loss: 0.000072
Train Epoch: 8 [56320/60000 (94%)]	Loss: 0.000414
Train Epoch: 8 [56960/60000 (95%)]	Loss: 0.001322
Train Epoch: 8 [57600/60000 (96%)]	Loss: 0.000249
Train Epoch: 8 [58240/60000 (97%)]	Loss: 0.000273
Train Epoch: 8 [58880/60000 (98%)]	Loss: 0.002374
Train Epoch: 8 [59520/60000 (99%)]	Loss: 0.000227

Test set: Average loss: 0.0000, Accuracy: 9960/10000 (100%)

Train Epoch: 9 [0/60000 (0%)]	Loss: 0.000287
Train Epoch: 9 [640/60000 (1%)]	Loss: 0.000163
Train Epoch: 9 [1280/60000 (2%)]	Loss: 0.002854
Train Epoch: 9 [1920/60000 (3%)]	Loss: 0.000162
Train Epoch: 9 [2560/60000 (4%)]	Loss: 0.000229
Train Epoch: 9 [3200/60000 (5%)]	Loss: 0.000149
Train Epoch: 9 [3840/60000 (6%)]	Loss: 0.000207
Train Epoch: 9 [4480/60000 (7%)]	Loss: 0.000252
Train Epoch: 9 [5120/60000 (9%)]	Loss: 0.010217
Train Epoch: 9 [5760/60000 (10%)]	Loss: 0.000211
Train Epoch: 9 [6400/60000 (11%)]	Loss: 0.000732
Train Epoch: 9 [7040/60000 (12%)]	Loss: 0.001959
Train Epoch: 9 [7680/60000 (13%)]	Loss: 0.000566
Train Epoch: 9 [8320/60000 (14%)]	Loss: 0.000636
Train Epoch: 9 [8960/60000 (15%)]	Loss: 0.001028
Train Epoch: 9 [9600/60000 (16%)]	Loss: 0.000199
Train Epoch: 9 [10240/60000 (17%)]	Loss: 0.001550
Train Epoch: 9 [10880/60000 (18%)]	Loss: 0.000202
Train Epoch: 9 [11520/60000 (19%)]	Loss: 0.000211
Train Epoch: 9 [12160/60000 (20%)]	Loss: 0.018803
Train Epoch: 9 [12800/60000 (21%)]	Loss: 0.000174
Train Epoch: 9 [13440/60000 (22%)]	Loss: 0.000287
Train Epoch: 9 [14080/60000 (23%)]	Loss: 0.000157
Train Epoch: 9 [14720/60000 (25%)]	Loss: 0.023834
Train Epoch: 9 [15360/60000 (26%)]	Loss: 0.000324
Train Epoch: 9 [16000/60000 (27%)]	Loss: 0.000405
Train Epoch: 9 [16640/60000 (28%)]	Loss: 0.000078
Train Epoch: 9 [17280/60000 (29%)]	Loss: 0.003343
Train Epoch: 9 [17920/60000 (30%)]	Loss: 0.000129
Train Epoch: 9 [18560/60000 (31%)]	Loss: 0.000089
Train Epoch: 9 [19200/60000 (32%)]	Loss: 0.000102
Train Epoch: 9 [19840/60000 (33%)]	Loss: 0.000141
Train Epoch: 9 [20480/60000 (34%)]	Loss: 0.000456
Train Epoch: 9 [21120/60000 (35%)]	Loss: 0.000245
Train Epoch: 9 [21760/60000 (36%)]	Loss: 0.001495
Train Epoch: 9 [22400/60000 (37%)]	Loss: 0.000041
Train Epoch: 9 [23040/60000 (38%)]	Loss: 0.001458
Train Epoch: 9 [23680/60000 (39%)]	Loss: 0.000412
Train Epoch: 9 [24320/60000 (41%)]	Loss: 0.000668
Train Epoch: 9 [24960/60000 (42%)]	Loss: 0.001039
Train Epoch: 9 [25600/60000 (43%)]	Loss: 0.000045
Train Epoch: 9 [26240/60000 (44%)]	Loss: 0.000094
Train Epoch: 9 [26880/60000 (45%)]	Loss: 0.000133
Train Epoch: 9 [27520/60000 (46%)]	Loss: 0.004682
Train Epoch: 9 [28160/60000 (47%)]	Loss: 0.006023
Train Epoch: 9 [28800/60000 (48%)]	Loss: 0.000677
Train Epoch: 9 [29440/60000 (49%)]	Loss: 0.000615
Train Epoch: 9 [30080/60000 (50%)]	Loss: 0.000141
Train Epoch: 9 [30720/60000 (51%)]	Loss: 0.000594
Train Epoch: 9 [31360/60000 (52%)]	Loss: 0.073267
Train Epoch: 9 [32000/60000 (53%)]	Loss: 0.000345
Train Epoch: 9 [32640/60000 (54%)]	Loss: 0.000767
Train Epoch: 9 [33280/60000 (55%)]	Loss: 0.000152
Train Epoch: 9 [33920/60000 (57%)]	Loss: 0.000581
Train Epoch: 9 [34560/60000 (58%)]	Loss: 0.000130
Train Epoch: 9 [35200/60000 (59%)]	Loss: 0.000028
Train Epoch: 9 [35840/60000 (60%)]	Loss: 0.000236
Train Epoch: 9 [36480/60000 (61%)]	Loss: 0.000092
Train Epoch: 9 [37120/60000 (62%)]	Loss: 0.001037
Train Epoch: 9 [37760/60000 (63%)]	Loss: 0.001019
Train Epoch: 9 [38400/60000 (64%)]	Loss: 0.001486
Train Epoch: 9 [39040/60000 (65%)]	Loss: 0.000243
Train Epoch: 9 [39680/60000 (66%)]	Loss: 0.000247
Train Epoch: 9 [40320/60000 (67%)]	Loss: 0.000070
Train Epoch: 9 [40960/60000 (68%)]	Loss: 0.001708
Train Epoch: 9 [41600/60000 (69%)]	Loss: 0.000269
Train Epoch: 9 [42240/60000 (70%)]	Loss: 0.000168
Train Epoch: 9 [42880/60000 (71%)]	Loss: 0.000276
Train Epoch: 9 [43520/60000 (72%)]	Loss: 0.000052
Train Epoch: 9 [44160/60000 (74%)]	Loss: 0.000183
Train Epoch: 9 [44800/60000 (75%)]	Loss: 0.000240
Train Epoch: 9 [45440/60000 (76%)]	Loss: 0.001622
Train Epoch: 9 [46080/60000 (77%)]	Loss: 0.000238
Train Epoch: 9 [46720/60000 (78%)]	Loss: 0.000688
Train Epoch: 9 [47360/60000 (79%)]	Loss: 0.000231
Train Epoch: 9 [48000/60000 (80%)]	Loss: 0.000074
Train Epoch: 9 [48640/60000 (81%)]	Loss: 0.000886
Train Epoch: 9 [49280/60000 (82%)]	Loss: 0.000243
Train Epoch: 9 [49920/60000 (83%)]	Loss: 0.002852
Train Epoch: 9 [50560/60000 (84%)]	Loss: 0.003225
Train Epoch: 9 [51200/60000 (85%)]	Loss: 0.000391
Train Epoch: 9 [51840/60000 (86%)]	Loss: 0.000245
Train Epoch: 9 [52480/60000 (87%)]	Loss: 0.002780
Train Epoch: 9 [53120/60000 (88%)]	Loss: 0.000086
Train Epoch: 9 [53760/60000 (90%)]	Loss: 0.004277
Train Epoch: 9 [54400/60000 (91%)]	Loss: 0.006182
Train Epoch: 9 [55040/60000 (92%)]	Loss: 0.000832
Train Epoch: 9 [55680/60000 (93%)]	Loss: 0.000021
Train Epoch: 9 [56320/60000 (94%)]	Loss: 0.006831
Train Epoch: 9 [56960/60000 (95%)]	Loss: 0.000344
Train Epoch: 9 [57600/60000 (96%)]	Loss: 0.000129
Train Epoch: 9 [58240/60000 (97%)]	Loss: 0.001382
Train Epoch: 9 [58880/60000 (98%)]	Loss: 0.011246
Train Epoch: 9 [59520/60000 (99%)]	Loss: 0.000229

Test set: Average loss: 0.0000, Accuracy: 9956/10000 (100%)

Train Epoch: 10 [0/60000 (0%)]	Loss: 0.003024
Train Epoch: 10 [640/60000 (1%)]	Loss: 0.000561
Train Epoch: 10 [1280/60000 (2%)]	Loss: 0.000057
Train Epoch: 10 [1920/60000 (3%)]	Loss: 0.000066
Train Epoch: 10 [2560/60000 (4%)]	Loss: 0.000060
Train Epoch: 10 [3200/60000 (5%)]	Loss: 0.006838
Train Epoch: 10 [3840/60000 (6%)]	Loss: 0.001239
Train Epoch: 10 [4480/60000 (7%)]	Loss: 0.000409
Train Epoch: 10 [5120/60000 (9%)]	Loss: 0.000276
Train Epoch: 10 [5760/60000 (10%)]	Loss: 0.000550
Train Epoch: 10 [6400/60000 (11%)]	Loss: 0.000660
Train Epoch: 10 [7040/60000 (12%)]	Loss: 0.000097
Train Epoch: 10 [7680/60000 (13%)]	Loss: 0.000327
Train Epoch: 10 [8320/60000 (14%)]	Loss: 0.000477
Train Epoch: 10 [8960/60000 (15%)]	Loss: 0.000056
Train Epoch: 10 [9600/60000 (16%)]	Loss: 0.000180
Train Epoch: 10 [10240/60000 (17%)]	Loss: 0.002218
Train Epoch: 10 [10880/60000 (18%)]	Loss: 0.000028
Train Epoch: 10 [11520/60000 (19%)]	Loss: 0.000137
Train Epoch: 10 [12160/60000 (20%)]	Loss: 0.000076
Train Epoch: 10 [12800/60000 (21%)]	Loss: 0.000428
Train Epoch: 10 [13440/60000 (22%)]	Loss: 0.000267
Train Epoch: 10 [14080/60000 (23%)]	Loss: 0.000412
Train Epoch: 10 [14720/60000 (25%)]	Loss: 0.000174
Train Epoch: 10 [15360/60000 (26%)]	Loss: 0.000099
Train Epoch: 10 [16000/60000 (27%)]	Loss: 0.000286
Train Epoch: 10 [16640/60000 (28%)]	Loss: 0.000036
Train Epoch: 10 [17280/60000 (29%)]	Loss: 0.000922
Train Epoch: 10 [17920/60000 (30%)]	Loss: 0.000267
Train Epoch: 10 [18560/60000 (31%)]	Loss: 0.004688
Train Epoch: 10 [19200/60000 (32%)]	Loss: 0.000576
Train Epoch: 10 [19840/60000 (33%)]	Loss: 0.000119
Train Epoch: 10 [20480/60000 (34%)]	Loss: 0.000063
Train Epoch: 10 [21120/60000 (35%)]	Loss: 0.001842
Train Epoch: 10 [21760/60000 (36%)]	Loss: 0.001376
Train Epoch: 10 [22400/60000 (37%)]	Loss: 0.000419
Train Epoch: 10 [23040/60000 (38%)]	Loss: 0.000742
Train Epoch: 10 [23680/60000 (39%)]	Loss: 0.000134
Train Epoch: 10 [24320/60000 (41%)]	Loss: 0.000142
Train Epoch: 10 [24960/60000 (42%)]	Loss: 0.001248
Train Epoch: 10 [25600/60000 (43%)]	Loss: 0.019493
Train Epoch: 10 [26240/60000 (44%)]	Loss: 0.055522
Train Epoch: 10 [26880/60000 (45%)]	Loss: 0.000261
Train Epoch: 10 [27520/60000 (46%)]	Loss: 0.000200
Train Epoch: 10 [28160/60000 (47%)]	Loss: 0.000078
Train Epoch: 10 [28800/60000 (48%)]	Loss: 0.002032
Train Epoch: 10 [29440/60000 (49%)]	Loss: 0.000079
Train Epoch: 10 [30080/60000 (50%)]	Loss: 0.000062
Train Epoch: 10 [30720/60000 (51%)]	Loss: 0.000289
Train Epoch: 10 [31360/60000 (52%)]	Loss: 0.000080
Train Epoch: 10 [32000/60000 (53%)]	Loss: 0.000717
Train Epoch: 10 [32640/60000 (54%)]	Loss: 0.000337
Train Epoch: 10 [33280/60000 (55%)]	Loss: 0.001856
Train Epoch: 10 [33920/60000 (57%)]	Loss: 0.004803
Train Epoch: 10 [34560/60000 (58%)]	Loss: 0.000068
Train Epoch: 10 [35200/60000 (59%)]	Loss: 0.000129
Train Epoch: 10 [35840/60000 (60%)]	Loss: 0.000097
Train Epoch: 10 [36480/60000 (61%)]	Loss: 0.000069
Train Epoch: 10 [37120/60000 (62%)]	Loss: 0.000042
Train Epoch: 10 [37760/60000 (63%)]	Loss: 0.003565
Train Epoch: 10 [38400/60000 (64%)]	Loss: 0.000193
Train Epoch: 10 [39040/60000 (65%)]	Loss: 0.000396
Train Epoch: 10 [39680/60000 (66%)]	Loss: 0.002864
Train Epoch: 10 [40320/60000 (67%)]	Loss: 0.031252
Train Epoch: 10 [40960/60000 (68%)]	Loss: 0.000444
Train Epoch: 10 [41600/60000 (69%)]	Loss: 0.001708
Train Epoch: 10 [42240/60000 (70%)]	Loss: 0.000652
Train Epoch: 10 [42880/60000 (71%)]	Loss: 0.001555
Train Epoch: 10 [43520/60000 (72%)]	Loss: 0.000607
Train Epoch: 10 [44160/60000 (74%)]	Loss: 0.000375
Train Epoch: 10 [44800/60000 (75%)]	Loss: 0.013055
Train Epoch: 10 [45440/60000 (76%)]	Loss: 0.000103
Train Epoch: 10 [46080/60000 (77%)]	Loss: 0.000120
Train Epoch: 10 [46720/60000 (78%)]	Loss: 0.000371
Train Epoch: 10 [47360/60000 (79%)]	Loss: 0.000127
Train Epoch: 10 [48000/60000 (80%)]	Loss: 0.016369
Train Epoch: 10 [48640/60000 (81%)]	Loss: 0.002999
Train Epoch: 10 [49280/60000 (82%)]	Loss: 0.000251
Train Epoch: 10 [49920/60000 (83%)]	Loss: 0.000075
Train Epoch: 10 [50560/60000 (84%)]	Loss: 0.000039
Train Epoch: 10 [51200/60000 (85%)]	Loss: 0.000183
Train Epoch: 10 [51840/60000 (86%)]	Loss: 0.000047
Train Epoch: 10 [52480/60000 (87%)]	Loss: 0.000316
Train Epoch: 10 [53120/60000 (88%)]	Loss: 0.000139
Train Epoch: 10 [53760/60000 (90%)]	Loss: 0.000078
Train Epoch: 10 [54400/60000 (91%)]	Loss: 0.000071
Train Epoch: 10 [55040/60000 (92%)]	Loss: 0.001596
Train Epoch: 10 [55680/60000 (93%)]	Loss: 0.000429
Train Epoch: 10 [56320/60000 (94%)]	Loss: 0.000368
Train Epoch: 10 [56960/60000 (95%)]	Loss: 0.001143
Train Epoch: 10 [57600/60000 (96%)]	Loss: 0.000283
Train Epoch: 10 [58240/60000 (97%)]	Loss: 0.000065
Train Epoch: 10 [58880/60000 (98%)]	Loss: 0.000033
Train Epoch: 10 [59520/60000 (99%)]	Loss: 0.004644

Test set: Average loss: 0.0000, Accuracy: 9956/10000 (100%)

Train Epoch: 11 [0/60000 (0%)]	Loss: 0.000068
Train Epoch: 11 [640/60000 (1%)]	Loss: 0.000240
Train Epoch: 11 [1280/60000 (2%)]	Loss: 0.000378
Train Epoch: 11 [1920/60000 (3%)]	Loss: 0.000136
Train Epoch: 11 [2560/60000 (4%)]	Loss: 0.004404
Train Epoch: 11 [3200/60000 (5%)]	Loss: 0.000044
Train Epoch: 11 [3840/60000 (6%)]	Loss: 0.000172
Train Epoch: 11 [4480/60000 (7%)]	Loss: 0.029528
Train Epoch: 11 [5120/60000 (9%)]	Loss: 0.001079
Train Epoch: 11 [5760/60000 (10%)]	Loss: 0.003626
Train Epoch: 11 [6400/60000 (11%)]	Loss: 0.000619
Train Epoch: 11 [7040/60000 (12%)]	Loss: 0.000163
Train Epoch: 11 [7680/60000 (13%)]	Loss: 0.009607
Train Epoch: 11 [8320/60000 (14%)]	Loss: 0.015591
Train Epoch: 11 [8960/60000 (15%)]	Loss: 0.000046
Train Epoch: 11 [9600/60000 (16%)]	Loss: 0.000190
Train Epoch: 11 [10240/60000 (17%)]	Loss: 0.001449
Train Epoch: 11 [10880/60000 (18%)]	Loss: 0.000363
Train Epoch: 11 [11520/60000 (19%)]	Loss: 0.000076
Train Epoch: 11 [12160/60000 (20%)]	Loss: 0.002509
Train Epoch: 11 [12800/60000 (21%)]	Loss: 0.004403
Train Epoch: 11 [13440/60000 (22%)]	Loss: 0.012082
Train Epoch: 11 [14080/60000 (23%)]	Loss: 0.000401
Train Epoch: 11 [14720/60000 (25%)]	Loss: 0.000050
Train Epoch: 11 [15360/60000 (26%)]	Loss: 0.000183
Train Epoch: 11 [16000/60000 (27%)]	Loss: 0.000101
Train Epoch: 11 [16640/60000 (28%)]	Loss: 0.000113
Train Epoch: 11 [17280/60000 (29%)]	Loss: 0.000624
Train Epoch: 11 [17920/60000 (30%)]	Loss: 0.073281
Train Epoch: 11 [18560/60000 (31%)]	Loss: 0.000716
Train Epoch: 11 [19200/60000 (32%)]	Loss: 0.000102
Train Epoch: 11 [19840/60000 (33%)]	Loss: 0.000232
Train Epoch: 11 [20480/60000 (34%)]	Loss: 0.124086
Train Epoch: 11 [21120/60000 (35%)]	Loss: 0.000174
Train Epoch: 11 [21760/60000 (36%)]	Loss: 0.000148
Train Epoch: 11 [22400/60000 (37%)]	Loss: 0.000189
Train Epoch: 11 [23040/60000 (38%)]	Loss: 0.000186
Train Epoch: 11 [23680/60000 (39%)]	Loss: 0.000170
Train Epoch: 11 [24320/60000 (41%)]	Loss: 0.000565
Train Epoch: 11 [24960/60000 (42%)]	Loss: 0.015548
Train Epoch: 11 [25600/60000 (43%)]	Loss: 0.000075
Train Epoch: 11 [26240/60000 (44%)]	Loss: 0.000108
Train Epoch: 11 [26880/60000 (45%)]	Loss: 0.000047
Train Epoch: 11 [27520/60000 (46%)]	Loss: 0.000189
Train Epoch: 11 [28160/60000 (47%)]	Loss: 0.000052
Train Epoch: 11 [28800/60000 (48%)]	Loss: 0.005322
Train Epoch: 11 [29440/60000 (49%)]	Loss: 0.000042
Train Epoch: 11 [30080/60000 (50%)]	Loss: 0.000090
Train Epoch: 11 [30720/60000 (51%)]	Loss: 0.008305
Train Epoch: 11 [31360/60000 (52%)]	Loss: 0.000395
Train Epoch: 11 [32000/60000 (53%)]	Loss: 0.000976
Train Epoch: 11 [32640/60000 (54%)]	Loss: 0.000179
Train Epoch: 11 [33280/60000 (55%)]	Loss: 0.000428
Train Epoch: 11 [33920/60000 (57%)]	Loss: 0.002704
Train Epoch: 11 [34560/60000 (58%)]	Loss: 0.000120
Train Epoch: 11 [35200/60000 (59%)]	Loss: 0.000117
Train Epoch: 11 [35840/60000 (60%)]	Loss: 0.000870
Train Epoch: 11 [36480/60000 (61%)]	Loss: 0.001868
Train Epoch: 11 [37120/60000 (62%)]	Loss: 0.000163
Train Epoch: 11 [37760/60000 (63%)]	Loss: 0.000032
Train Epoch: 11 [38400/60000 (64%)]	Loss: 0.000060
Train Epoch: 11 [39040/60000 (65%)]	Loss: 0.000328
Train Epoch: 11 [39680/60000 (66%)]	Loss: 0.000199
Train Epoch: 11 [40320/60000 (67%)]	Loss: 0.000267
Train Epoch: 11 [40960/60000 (68%)]	Loss: 0.000118
Train Epoch: 11 [41600/60000 (69%)]	Loss: 0.000064
Train Epoch: 11 [42240/60000 (70%)]	Loss: 0.005272
Train Epoch: 11 [42880/60000 (71%)]	Loss: 0.000277
Train Epoch: 11 [43520/60000 (72%)]	Loss: 0.003864
Train Epoch: 11 [44160/60000 (74%)]	Loss: 0.000356
Train Epoch: 11 [44800/60000 (75%)]	Loss: 0.067426
Train Epoch: 11 [45440/60000 (76%)]	Loss: 0.000198
Train Epoch: 11 [46080/60000 (77%)]	Loss: 0.001540
Train Epoch: 11 [46720/60000 (78%)]	Loss: 0.000033
Train Epoch: 11 [47360/60000 (79%)]	Loss: 0.003298
Train Epoch: 11 [48000/60000 (80%)]	Loss: 0.056000
Train Epoch: 11 [48640/60000 (81%)]	Loss: 0.002556
Train Epoch: 11 [49280/60000 (82%)]	Loss: 0.000100
Train Epoch: 11 [49920/60000 (83%)]	Loss: 0.000323
Train Epoch: 11 [50560/60000 (84%)]	Loss: 0.000533
Train Epoch: 11 [51200/60000 (85%)]	Loss: 0.000196
Train Epoch: 11 [51840/60000 (86%)]	Loss: 0.002406
Train Epoch: 11 [52480/60000 (87%)]	Loss: 0.000050
Train Epoch: 11 [53120/60000 (88%)]	Loss: 0.000826
Train Epoch: 11 [53760/60000 (90%)]	Loss: 0.000593
Train Epoch: 11 [54400/60000 (91%)]	Loss: 0.000048
Train Epoch: 11 [55040/60000 (92%)]	Loss: 0.000096
Train Epoch: 11 [55680/60000 (93%)]	Loss: 0.000851
Train Epoch: 11 [56320/60000 (94%)]	Loss: 0.000305
Train Epoch: 11 [56960/60000 (95%)]	Loss: 0.001827
Train Epoch: 11 [57600/60000 (96%)]	Loss: 0.000986
Train Epoch: 11 [58240/60000 (97%)]	Loss: 0.000105
Train Epoch: 11 [58880/60000 (98%)]	Loss: 0.002079
Train Epoch: 11 [59520/60000 (99%)]	Loss: 0.001084

Test set: Average loss: 0.0000, Accuracy: 9962/10000 (100%)

Train Epoch: 12 [0/60000 (0%)]	Loss: 0.000223
Train Epoch: 12 [640/60000 (1%)]	Loss: 0.000133
Train Epoch: 12 [1280/60000 (2%)]	Loss: 0.000057
Train Epoch: 12 [1920/60000 (3%)]	Loss: 0.000040
Train Epoch: 12 [2560/60000 (4%)]	Loss: 0.000042
Train Epoch: 12 [3200/60000 (5%)]	Loss: 0.000788
Train Epoch: 12 [3840/60000 (6%)]	Loss: 0.000829
Train Epoch: 12 [4480/60000 (7%)]	Loss: 0.001382
Train Epoch: 12 [5120/60000 (9%)]	Loss: 0.000217
Train Epoch: 12 [5760/60000 (10%)]	Loss: 0.000376
Train Epoch: 12 [6400/60000 (11%)]	Loss: 0.003941
Train Epoch: 12 [7040/60000 (12%)]	Loss: 0.001218
Train Epoch: 12 [7680/60000 (13%)]	Loss: 0.000455
Train Epoch: 12 [8320/60000 (14%)]	Loss: 0.000182
Train Epoch: 12 [8960/60000 (15%)]	Loss: 0.006954
Train Epoch: 12 [9600/60000 (16%)]	Loss: 0.000185
Train Epoch: 12 [10240/60000 (17%)]	Loss: 0.000109
Train Epoch: 12 [10880/60000 (18%)]	Loss: 0.002241
Train Epoch: 12 [11520/60000 (19%)]	Loss: 0.001661
Train Epoch: 12 [12160/60000 (20%)]	Loss: 0.005277
Train Epoch: 12 [12800/60000 (21%)]	Loss: 0.002945
Train Epoch: 12 [13440/60000 (22%)]	Loss: 0.001664
Train Epoch: 12 [14080/60000 (23%)]	Loss: 0.007497
Train Epoch: 12 [14720/60000 (25%)]	Loss: 0.000162
Train Epoch: 12 [15360/60000 (26%)]	Loss: 0.001493
Train Epoch: 12 [16000/60000 (27%)]	Loss: 0.000743
Train Epoch: 12 [16640/60000 (28%)]	Loss: 0.000060
Train Epoch: 12 [17280/60000 (29%)]	Loss: 0.000084
Train Epoch: 12 [17920/60000 (30%)]	Loss: 0.000038
Train Epoch: 12 [18560/60000 (31%)]	Loss: 0.168754
Train Epoch: 12 [19200/60000 (32%)]	Loss: 0.000151
Train Epoch: 12 [19840/60000 (33%)]	Loss: 0.000133
Train Epoch: 12 [20480/60000 (34%)]	Loss: 0.000138
Train Epoch: 12 [21120/60000 (35%)]	Loss: 0.000533
Train Epoch: 12 [21760/60000 (36%)]	Loss: 0.018484
Train Epoch: 12 [22400/60000 (37%)]	Loss: 0.000049
Train Epoch: 12 [23040/60000 (38%)]	Loss: 0.002717
Train Epoch: 12 [23680/60000 (39%)]	Loss: 0.003503
Train Epoch: 12 [24320/60000 (41%)]	Loss: 0.000224
Train Epoch: 12 [24960/60000 (42%)]	Loss: 0.010242
Train Epoch: 12 [25600/60000 (43%)]	Loss: 0.000235
Train Epoch: 12 [26240/60000 (44%)]	Loss: 0.000197
Train Epoch: 12 [26880/60000 (45%)]	Loss: 0.000211
Train Epoch: 12 [27520/60000 (46%)]	Loss: 0.000366
Train Epoch: 12 [28160/60000 (47%)]	Loss: 0.000170
Train Epoch: 12 [28800/60000 (48%)]	Loss: 0.000103
Train Epoch: 12 [29440/60000 (49%)]	Loss: 0.000045
Train Epoch: 12 [30080/60000 (50%)]	Loss: 0.000071
Train Epoch: 12 [30720/60000 (51%)]	Loss: 0.001110
Train Epoch: 12 [31360/60000 (52%)]	Loss: 0.007863
Train Epoch: 12 [32000/60000 (53%)]	Loss: 0.000557
Train Epoch: 12 [32640/60000 (54%)]	Loss: 0.000133
Train Epoch: 12 [33280/60000 (55%)]	Loss: 0.001224
Train Epoch: 12 [33920/60000 (57%)]	Loss: 0.000238
Train Epoch: 12 [34560/60000 (58%)]	Loss: 0.000085
Train Epoch: 12 [35200/60000 (59%)]	Loss: 0.000571
Train Epoch: 12 [35840/60000 (60%)]	Loss: 0.000426
Train Epoch: 12 [36480/60000 (61%)]	Loss: 0.000072
Train Epoch: 12 [37120/60000 (62%)]	Loss: 0.000256
Train Epoch: 12 [37760/60000 (63%)]	Loss: 0.003257
Train Epoch: 12 [38400/60000 (64%)]	Loss: 0.000091
Train Epoch: 12 [39040/60000 (65%)]	Loss: 0.001062
Train Epoch: 12 [39680/60000 (66%)]	Loss: 0.000104
Train Epoch: 12 [40320/60000 (67%)]	Loss: 0.000174
Train Epoch: 12 [40960/60000 (68%)]	Loss: 0.000094
Train Epoch: 12 [41600/60000 (69%)]	Loss: 0.000371
Train Epoch: 12 [42240/60000 (70%)]	Loss: 0.137122
Train Epoch: 12 [42880/60000 (71%)]	Loss: 0.000047
Train Epoch: 12 [43520/60000 (72%)]	Loss: 0.000062
Train Epoch: 12 [44160/60000 (74%)]	Loss: 0.000053
Train Epoch: 12 [44800/60000 (75%)]	Loss: 0.005162
Train Epoch: 12 [45440/60000 (76%)]	Loss: 0.000150
Train Epoch: 12 [46080/60000 (77%)]	Loss: 0.024657
Train Epoch: 12 [46720/60000 (78%)]	Loss: 0.000072
Train Epoch: 12 [47360/60000 (79%)]	Loss: 0.000252
Train Epoch: 12 [48000/60000 (80%)]	Loss: 0.000092
Train Epoch: 12 [48640/60000 (81%)]	Loss: 0.000746
Train Epoch: 12 [49280/60000 (82%)]	Loss: 0.000075
Train Epoch: 12 [49920/60000 (83%)]	Loss: 0.001145
Train Epoch: 12 [50560/60000 (84%)]	Loss: 0.000418
Train Epoch: 12 [51200/60000 (85%)]	Loss: 0.000063
Train Epoch: 12 [51840/60000 (86%)]	Loss: 0.002844
Train Epoch: 12 [52480/60000 (87%)]	Loss: 0.000230
Train Epoch: 12 [53120/60000 (88%)]	Loss: 0.000896
Train Epoch: 12 [53760/60000 (90%)]	Loss: 0.001040
Train Epoch: 12 [54400/60000 (91%)]	Loss: 0.000364
Train Epoch: 12 [55040/60000 (92%)]	Loss: 0.000283
Train Epoch: 12 [55680/60000 (93%)]	Loss: 0.000055
Train Epoch: 12 [56320/60000 (94%)]	Loss: 0.000033
Train Epoch: 12 [56960/60000 (95%)]	Loss: 0.000046
Train Epoch: 12 [57600/60000 (96%)]	Loss: 0.000227
Train Epoch: 12 [58240/60000 (97%)]	Loss: 0.000032
Train Epoch: 12 [58880/60000 (98%)]	Loss: 0.001171
Train Epoch: 12 [59520/60000 (99%)]	Loss: 0.000073

Test set: Average loss: 0.0000, Accuracy: 9960/10000 (100%)

Train Epoch: 13 [0/60000 (0%)]	Loss: 0.020903
Train Epoch: 13 [640/60000 (1%)]	Loss: 0.000552
Train Epoch: 13 [1280/60000 (2%)]	Loss: 0.000086
Train Epoch: 13 [1920/60000 (3%)]	Loss: 0.000260
Train Epoch: 13 [2560/60000 (4%)]	Loss: 0.000218
Train Epoch: 13 [3200/60000 (5%)]	Loss: 0.000086
Train Epoch: 13 [3840/60000 (6%)]	Loss: 0.008408
Train Epoch: 13 [4480/60000 (7%)]	Loss: 0.000224
Train Epoch: 13 [5120/60000 (9%)]	Loss: 0.000257
Train Epoch: 13 [5760/60000 (10%)]	Loss: 0.000100
Train Epoch: 13 [6400/60000 (11%)]	Loss: 0.002308
Train Epoch: 13 [7040/60000 (12%)]	Loss: 0.000055
Train Epoch: 13 [7680/60000 (13%)]	Loss: 0.000094
Train Epoch: 13 [8320/60000 (14%)]	Loss: 0.081319
Train Epoch: 13 [8960/60000 (15%)]	Loss: 0.000227
Train Epoch: 13 [9600/60000 (16%)]	Loss: 0.000099
Train Epoch: 13 [10240/60000 (17%)]	Loss: 0.000254
Train Epoch: 13 [10880/60000 (18%)]	Loss: 0.000071
Train Epoch: 13 [11520/60000 (19%)]	Loss: 0.002085
Train Epoch: 13 [12160/60000 (20%)]	Loss: 0.001961
Train Epoch: 13 [12800/60000 (21%)]	Loss: 0.000786
Train Epoch: 13 [13440/60000 (22%)]	Loss: 0.000380
Train Epoch: 13 [14080/60000 (23%)]	Loss: 0.002258
Train Epoch: 13 [14720/60000 (25%)]	Loss: 0.000400
Train Epoch: 13 [15360/60000 (26%)]	Loss: 0.001565
Train Epoch: 13 [16000/60000 (27%)]	Loss: 0.001229
Train Epoch: 13 [16640/60000 (28%)]	Loss: 0.000318
Train Epoch: 13 [17280/60000 (29%)]	Loss: 0.000086
Train Epoch: 13 [17920/60000 (30%)]	Loss: 0.000077
Train Epoch: 13 [18560/60000 (31%)]	Loss: 0.000436
Train Epoch: 13 [19200/60000 (32%)]	Loss: 0.000044
Train Epoch: 13 [19840/60000 (33%)]	Loss: 0.000286
Train Epoch: 13 [20480/60000 (34%)]	Loss: 0.007098
Train Epoch: 13 [21120/60000 (35%)]	Loss: 0.000111
Train Epoch: 13 [21760/60000 (36%)]	Loss: 0.000357
Train Epoch: 13 [22400/60000 (37%)]	Loss: 0.000058
Train Epoch: 13 [23040/60000 (38%)]	Loss: 0.000058
Train Epoch: 13 [23680/60000 (39%)]	Loss: 0.000134
Train Epoch: 13 [24320/60000 (41%)]	Loss: 0.000373
Train Epoch: 13 [24960/60000 (42%)]	Loss: 0.002321
Train Epoch: 13 [25600/60000 (43%)]	Loss: 0.000445
Train Epoch: 13 [26240/60000 (44%)]	Loss: 0.000975
Train Epoch: 13 [26880/60000 (45%)]	Loss: 0.004698
Train Epoch: 13 [27520/60000 (46%)]	Loss: 0.001122
Train Epoch: 13 [28160/60000 (47%)]	Loss: 0.002754
Train Epoch: 13 [28800/60000 (48%)]	Loss: 0.001282
Train Epoch: 13 [29440/60000 (49%)]	Loss: 0.000659
Train Epoch: 13 [30080/60000 (50%)]	Loss: 0.000064
Train Epoch: 13 [30720/60000 (51%)]	Loss: 0.000215
Train Epoch: 13 [31360/60000 (52%)]	Loss: 0.000115
Train Epoch: 13 [32000/60000 (53%)]	Loss: 0.000043
Train Epoch: 13 [32640/60000 (54%)]	Loss: 0.004988
Train Epoch: 13 [33280/60000 (55%)]	Loss: 0.003095
Train Epoch: 13 [33920/60000 (57%)]	Loss: 0.000721
Train Epoch: 13 [34560/60000 (58%)]	Loss: 0.000423
Train Epoch: 13 [35200/60000 (59%)]	Loss: 0.000035
Train Epoch: 13 [35840/60000 (60%)]	Loss: 0.000077
Train Epoch: 13 [36480/60000 (61%)]	Loss: 0.015035
Train Epoch: 13 [37120/60000 (62%)]	Loss: 0.000157
Train Epoch: 13 [37760/60000 (63%)]	Loss: 0.000327
Train Epoch: 13 [38400/60000 (64%)]	Loss: 0.000178
Train Epoch: 13 [39040/60000 (65%)]	Loss: 0.000031
Train Epoch: 13 [39680/60000 (66%)]	Loss: 0.000120
Train Epoch: 13 [40320/60000 (67%)]	Loss: 0.000045
Train Epoch: 13 [40960/60000 (68%)]	Loss: 0.000401
Train Epoch: 13 [41600/60000 (69%)]	Loss: 0.000889
Train Epoch: 13 [42240/60000 (70%)]	Loss: 0.000465
Train Epoch: 13 [42880/60000 (71%)]	Loss: 0.004270
Train Epoch: 13 [43520/60000 (72%)]	Loss: 0.000734
Train Epoch: 13 [44160/60000 (74%)]	Loss: 0.000242
Train Epoch: 13 [44800/60000 (75%)]	Loss: 0.000058
Train Epoch: 13 [45440/60000 (76%)]	Loss: 0.003960
Train Epoch: 13 [46080/60000 (77%)]	Loss: 0.000108
Train Epoch: 13 [46720/60000 (78%)]	Loss: 0.000371
Train Epoch: 13 [47360/60000 (79%)]	Loss: 0.000407
Train Epoch: 13 [48000/60000 (80%)]	Loss: 0.003849
Train Epoch: 13 [48640/60000 (81%)]	Loss: 0.000094
Train Epoch: 13 [49280/60000 (82%)]	Loss: 0.000079
Train Epoch: 13 [49920/60000 (83%)]	Loss: 0.000066
Train Epoch: 13 [50560/60000 (84%)]	Loss: 0.018100
Train Epoch: 13 [51200/60000 (85%)]	Loss: 0.007054
Train Epoch: 13 [51840/60000 (86%)]	Loss: 0.002160
Train Epoch: 13 [52480/60000 (87%)]	Loss: 0.000075
Train Epoch: 13 [53120/60000 (88%)]	Loss: 0.003054
Train Epoch: 13 [53760/60000 (90%)]	Loss: 0.000106
Train Epoch: 13 [54400/60000 (91%)]	Loss: 0.000122
Train Epoch: 13 [55040/60000 (92%)]	Loss: 0.000356
Train Epoch: 13 [55680/60000 (93%)]	Loss: 0.000053
Train Epoch: 13 [56320/60000 (94%)]	Loss: 0.000276
Train Epoch: 13 [56960/60000 (95%)]	Loss: 0.000050
Train Epoch: 13 [57600/60000 (96%)]	Loss: 0.001243
Train Epoch: 13 [58240/60000 (97%)]	Loss: 0.000287
Train Epoch: 13 [58880/60000 (98%)]	Loss: 0.000181
Train Epoch: 13 [59520/60000 (99%)]	Loss: 0.003756

Test set: Average loss: 0.0000, Accuracy: 9971/10000 (100%)

Train Epoch: 14 [0/60000 (0%)]	Loss: 0.000195
Train Epoch: 14 [640/60000 (1%)]	Loss: 0.000042
Train Epoch: 14 [1280/60000 (2%)]	Loss: 0.002407
Train Epoch: 14 [1920/60000 (3%)]	Loss: 0.000647
Train Epoch: 14 [2560/60000 (4%)]	Loss: 0.003516
Train Epoch: 14 [3200/60000 (5%)]	Loss: 0.001220
Train Epoch: 14 [3840/60000 (6%)]	Loss: 0.000954
Train Epoch: 14 [4480/60000 (7%)]	Loss: 0.006128
Train Epoch: 14 [5120/60000 (9%)]	Loss: 0.011604
Train Epoch: 14 [5760/60000 (10%)]	Loss: 0.000262
Train Epoch: 14 [6400/60000 (11%)]	Loss: 0.001872
Train Epoch: 14 [7040/60000 (12%)]	Loss: 0.000549
Train Epoch: 14 [7680/60000 (13%)]	Loss: 0.000109
Train Epoch: 14 [8320/60000 (14%)]	Loss: 0.149788
Train Epoch: 14 [8960/60000 (15%)]	Loss: 0.002445
Train Epoch: 14 [9600/60000 (16%)]	Loss: 0.000077
Train Epoch: 14 [10240/60000 (17%)]	Loss: 0.001173
Train Epoch: 14 [10880/60000 (18%)]	Loss: 0.001807
Train Epoch: 14 [11520/60000 (19%)]	Loss: 0.000203
Train Epoch: 14 [12160/60000 (20%)]	Loss: 0.008469
Train Epoch: 14 [12800/60000 (21%)]	Loss: 0.000167
Train Epoch: 14 [13440/60000 (22%)]	Loss: 0.006555
Train Epoch: 14 [14080/60000 (23%)]	Loss: 0.002533
Train Epoch: 14 [14720/60000 (25%)]	Loss: 0.000538
Train Epoch: 14 [15360/60000 (26%)]	Loss: 0.028518
Train Epoch: 14 [16000/60000 (27%)]	Loss: 0.000836
Train Epoch: 14 [16640/60000 (28%)]	Loss: 0.000192
Train Epoch: 14 [17280/60000 (29%)]	Loss: 0.000577
Train Epoch: 14 [17920/60000 (30%)]	Loss: 0.001188
Train Epoch: 14 [18560/60000 (31%)]	Loss: 0.000140
Train Epoch: 14 [19200/60000 (32%)]	Loss: 0.000061
Train Epoch: 14 [19840/60000 (33%)]	Loss: 0.000621
Train Epoch: 14 [20480/60000 (34%)]	Loss: 0.000087
Train Epoch: 14 [21120/60000 (35%)]	Loss: 0.000066
Train Epoch: 14 [21760/60000 (36%)]	Loss: 0.004178
Train Epoch: 14 [22400/60000 (37%)]	Loss: 0.001020
Train Epoch: 14 [23040/60000 (38%)]	Loss: 0.002651
Train Epoch: 14 [23680/60000 (39%)]	Loss: 0.000057
Train Epoch: 14 [24320/60000 (41%)]	Loss: 0.000062
Train Epoch: 14 [24960/60000 (42%)]	Loss: 0.000032
Train Epoch: 14 [25600/60000 (43%)]	Loss: 0.002888
Train Epoch: 14 [26240/60000 (44%)]	Loss: 0.000071
Train Epoch: 14 [26880/60000 (45%)]	Loss: 0.000059
Train Epoch: 14 [27520/60000 (46%)]	Loss: 0.001423
Train Epoch: 14 [28160/60000 (47%)]	Loss: 0.000115
Train Epoch: 14 [28800/60000 (48%)]	Loss: 0.000034
Train Epoch: 14 [29440/60000 (49%)]	Loss: 0.000112
Train Epoch: 14 [30080/60000 (50%)]	Loss: 0.000221
Train Epoch: 14 [30720/60000 (51%)]	Loss: 0.000233
Train Epoch: 14 [31360/60000 (52%)]	Loss: 0.000469
Train Epoch: 14 [32000/60000 (53%)]	Loss: 0.000703
Train Epoch: 14 [32640/60000 (54%)]	Loss: 0.000072
Train Epoch: 14 [33280/60000 (55%)]	Loss: 0.000137
Train Epoch: 14 [33920/60000 (57%)]	Loss: 0.000039
Train Epoch: 14 [34560/60000 (58%)]	Loss: 0.000207
Train Epoch: 14 [35200/60000 (59%)]	Loss: 0.012362
Train Epoch: 14 [35840/60000 (60%)]	Loss: 0.005088
Train Epoch: 14 [36480/60000 (61%)]	Loss: 0.000167
Train Epoch: 14 [37120/60000 (62%)]	Loss: 0.000079
Train Epoch: 14 [37760/60000 (63%)]	Loss: 0.000053
Train Epoch: 14 [38400/60000 (64%)]	Loss: 0.000083
Train Epoch: 14 [39040/60000 (65%)]	Loss: 0.000926
Train Epoch: 14 [39680/60000 (66%)]	Loss: 0.000248
Train Epoch: 14 [40320/60000 (67%)]	Loss: 0.000535
Train Epoch: 14 [40960/60000 (68%)]	Loss: 0.002778
Train Epoch: 14 [41600/60000 (69%)]	Loss: 0.000536
Train Epoch: 14 [42240/60000 (70%)]	Loss: 0.000193
Train Epoch: 14 [42880/60000 (71%)]	Loss: 0.001219
Train Epoch: 14 [43520/60000 (72%)]	Loss: 0.000352
Train Epoch: 14 [44160/60000 (74%)]	Loss: 0.017671
Train Epoch: 14 [44800/60000 (75%)]	Loss: 0.000459
Train Epoch: 14 [45440/60000 (76%)]	Loss: 0.005390
Train Epoch: 14 [46080/60000 (77%)]	Loss: 0.007081
Train Epoch: 14 [46720/60000 (78%)]	Loss: 0.001090
Train Epoch: 14 [47360/60000 (79%)]	Loss: 0.001207
Train Epoch: 14 [48000/60000 (80%)]	Loss: 0.000053
Train Epoch: 14 [48640/60000 (81%)]	Loss: 0.000588
Train Epoch: 14 [49280/60000 (82%)]	Loss: 0.001130
Train Epoch: 14 [49920/60000 (83%)]	Loss: 0.000055
Train Epoch: 14 [50560/60000 (84%)]	Loss: 0.000501
Train Epoch: 14 [51200/60000 (85%)]	Loss: 0.000459
Train Epoch: 14 [51840/60000 (86%)]	Loss: 0.000135
Train Epoch: 14 [52480/60000 (87%)]	Loss: 0.000280
Train Epoch: 14 [53120/60000 (88%)]	Loss: 0.000391
Train Epoch: 14 [53760/60000 (90%)]	Loss: 0.000048
Train Epoch: 14 [54400/60000 (91%)]	Loss: 0.000244
Train Epoch: 14 [55040/60000 (92%)]	Loss: 0.000118
Train Epoch: 14 [55680/60000 (93%)]	Loss: 0.000283
Train Epoch: 14 [56320/60000 (94%)]	Loss: 0.000072
Train Epoch: 14 [56960/60000 (95%)]	Loss: 0.000037
Train Epoch: 14 [57600/60000 (96%)]	Loss: 0.001175
Train Epoch: 14 [58240/60000 (97%)]	Loss: 0.000167
Train Epoch: 14 [58880/60000 (98%)]	Loss: 0.000298
Train Epoch: 14 [59520/60000 (99%)]	Loss: 0.000217

Test set: Average loss: 0.0000, Accuracy: 9969/10000 (100%)

Train Epoch: 15 [0/60000 (0%)]	Loss: 0.000239
Train Epoch: 15 [640/60000 (1%)]	Loss: 0.001075
Train Epoch: 15 [1280/60000 (2%)]	Loss: 0.000079
Train Epoch: 15 [1920/60000 (3%)]	Loss: 0.001907
Train Epoch: 15 [2560/60000 (4%)]	Loss: 0.000122
Train Epoch: 15 [3200/60000 (5%)]	Loss: 0.000490
Train Epoch: 15 [3840/60000 (6%)]	Loss: 0.000178
Train Epoch: 15 [4480/60000 (7%)]	Loss: 0.001513
Train Epoch: 15 [5120/60000 (9%)]	Loss: 0.000142
Train Epoch: 15 [5760/60000 (10%)]	Loss: 0.000974
Train Epoch: 15 [6400/60000 (11%)]	Loss: 0.025399
Train Epoch: 15 [7040/60000 (12%)]	Loss: 0.000035
Train Epoch: 15 [7680/60000 (13%)]	Loss: 0.000213
Train Epoch: 15 [8320/60000 (14%)]	Loss: 0.000081
Train Epoch: 15 [8960/60000 (15%)]	Loss: 0.000064
Train Epoch: 15 [9600/60000 (16%)]	Loss: 0.000222
Train Epoch: 15 [10240/60000 (17%)]	Loss: 0.000245
Train Epoch: 15 [10880/60000 (18%)]	Loss: 0.000108
Train Epoch: 15 [11520/60000 (19%)]	Loss: 0.000632
Train Epoch: 15 [12160/60000 (20%)]	Loss: 0.000195
Train Epoch: 15 [12800/60000 (21%)]	Loss: 0.000068
Train Epoch: 15 [13440/60000 (22%)]	Loss: 0.000507
Train Epoch: 15 [14080/60000 (23%)]	Loss: 0.000096
Train Epoch: 15 [14720/60000 (25%)]	Loss: 0.000591
Train Epoch: 15 [15360/60000 (26%)]	Loss: 0.000161
Train Epoch: 15 [16000/60000 (27%)]	Loss: 0.000040
Train Epoch: 15 [16640/60000 (28%)]	Loss: 0.000051
Train Epoch: 15 [17280/60000 (29%)]	Loss: 0.000139
Train Epoch: 15 [17920/60000 (30%)]	Loss: 0.000166
Train Epoch: 15 [18560/60000 (31%)]	Loss: 0.000087
Train Epoch: 15 [19200/60000 (32%)]	Loss: 0.000456
Train Epoch: 15 [19840/60000 (33%)]	Loss: 0.004449
Train Epoch: 15 [20480/60000 (34%)]	Loss: 0.000180
Train Epoch: 15 [21120/60000 (35%)]	Loss: 0.000339
Train Epoch: 15 [21760/60000 (36%)]	Loss: 0.000018
Train Epoch: 15 [22400/60000 (37%)]	Loss: 0.004901
Train Epoch: 15 [23040/60000 (38%)]	Loss: 0.002817
Train Epoch: 15 [23680/60000 (39%)]	Loss: 0.000020
Train Epoch: 15 [24320/60000 (41%)]	Loss: 0.000074
Train Epoch: 15 [24960/60000 (42%)]	Loss: 0.043501
Train Epoch: 15 [25600/60000 (43%)]	Loss: 0.000081
Train Epoch: 15 [26240/60000 (44%)]	Loss: 0.000117
Train Epoch: 15 [26880/60000 (45%)]	Loss: 0.000129
Train Epoch: 15 [27520/60000 (46%)]	Loss: 0.000591
Train Epoch: 15 [28160/60000 (47%)]	Loss: 0.010147
Train Epoch: 15 [28800/60000 (48%)]	Loss: 0.011887
Train Epoch: 15 [29440/60000 (49%)]	Loss: 0.029866
Train Epoch: 15 [30080/60000 (50%)]	Loss: 0.000490
Train Epoch: 15 [30720/60000 (51%)]	Loss: 0.068396
Train Epoch: 15 [31360/60000 (52%)]	Loss: 0.002009
Train Epoch: 15 [32000/60000 (53%)]	Loss: 0.001134
Train Epoch: 15 [32640/60000 (54%)]	Loss: 0.000057
Train Epoch: 15 [33280/60000 (55%)]	Loss: 0.000232
Train Epoch: 15 [33920/60000 (57%)]	Loss: 0.001186
Train Epoch: 15 [34560/60000 (58%)]	Loss: 0.000807
Train Epoch: 15 [35200/60000 (59%)]	Loss: 0.007712
Train Epoch: 15 [35840/60000 (60%)]	Loss: 0.000317
Train Epoch: 15 [36480/60000 (61%)]	Loss: 0.000150
Train Epoch: 15 [37120/60000 (62%)]	Loss: 0.000099
Train Epoch: 15 [37760/60000 (63%)]	Loss: 0.000066
Train Epoch: 15 [38400/60000 (64%)]	Loss: 0.000118
Train Epoch: 15 [39040/60000 (65%)]	Loss: 0.001998
Train Epoch: 15 [39680/60000 (66%)]	Loss: 0.004973
Train Epoch: 15 [40320/60000 (67%)]	Loss: 0.000050
Train Epoch: 15 [40960/60000 (68%)]	Loss: 0.000144
Train Epoch: 15 [41600/60000 (69%)]	Loss: 0.000236
Train Epoch: 15 [42240/60000 (70%)]	Loss: 0.000096
Train Epoch: 15 [42880/60000 (71%)]	Loss: 0.004850
Train Epoch: 15 [43520/60000 (72%)]	Loss: 0.006455
Train Epoch: 15 [44160/60000 (74%)]	Loss: 0.000192
Train Epoch: 15 [44800/60000 (75%)]	Loss: 0.000225
Train Epoch: 15 [45440/60000 (76%)]	Loss: 0.000078
Train Epoch: 15 [46080/60000 (77%)]	Loss: 0.000223
Train Epoch: 15 [46720/60000 (78%)]	Loss: 0.000090
Train Epoch: 15 [47360/60000 (79%)]	Loss: 0.000060
Train Epoch: 15 [48000/60000 (80%)]	Loss: 0.000592
Train Epoch: 15 [48640/60000 (81%)]	Loss: 0.016247
Train Epoch: 15 [49280/60000 (82%)]	Loss: 0.000098
Train Epoch: 15 [49920/60000 (83%)]	Loss: 0.001430
Train Epoch: 15 [50560/60000 (84%)]	Loss: 0.000404
Train Epoch: 15 [51200/60000 (85%)]	Loss: 0.012834
Train Epoch: 15 [51840/60000 (86%)]	Loss: 0.000146
Train Epoch: 15 [52480/60000 (87%)]	Loss: 0.043294
Train Epoch: 15 [53120/60000 (88%)]	Loss: 0.012282
Train Epoch: 15 [53760/60000 (90%)]	Loss: 0.000057
Train Epoch: 15 [54400/60000 (91%)]	Loss: 0.000494
Train Epoch: 15 [55040/60000 (92%)]	Loss: 0.000308
Train Epoch: 15 [55680/60000 (93%)]	Loss: 0.012649
Train Epoch: 15 [56320/60000 (94%)]	Loss: 0.000056
Train Epoch: 15 [56960/60000 (95%)]	Loss: 0.001517
Train Epoch: 15 [57600/60000 (96%)]	Loss: 0.000626
Train Epoch: 15 [58240/60000 (97%)]	Loss: 0.082100
Train Epoch: 15 [58880/60000 (98%)]	Loss: 0.000050
Train Epoch: 15 [59520/60000 (99%)]	Loss: 0.000050

Test set: Average loss: 0.0000, Accuracy: 9976/10000 (100%)


real	3m6.619s
user	4m10.503s
sys	2m38.957s

*****************************************************************************
*                                                                           *
*                    JOB EFFICIENCY REPORT (seff 5173382)                   *
*                                                                           *
*****************************************************************************

Job ID: 5173382
Cluster: finisterrae3
User/Group: curso375/ulc
State: COMPLETED (exit code 0)
Nodes: 1
Cores per node: 32
CPU Utilized: 00:06:51
CPU Efficiency: 6.72% of 01:41:52 core-walltime
Job Wall-clock time: 00:03:11
Memory Utilized: 2.42 GB
Memory Efficiency: 7.56% of 32.00 GB

 +++++++++++++++++++++++++++++++++++++++++++++++++++++++++++++++++++++++++++
 ++   Memory Efficiency is too small. Please review the requested memory. ++
 ++ It seems that you do not need that much memory so we recommend        ++
 ++ requesting less memory in other similar jobs.                         ++
 +++++++++++++++++++++++++++++++++++++++++++++++++++++++++++++++++++++++++++
 
*****************************************************************************

